#
# There is insufficient memory for the Java Runtime Environment to continue.
# Native memory allocation (malloc) failed to allocate 32744 bytes for ChunkPool::allocate
# Possible reasons:
#   The system is out of physical RAM or swap space
#   The process is running with CompressedOops enabled, and the Java Heap may be blocking the growth of the native heap
# Possible solutions:
#   Reduce memory load on the system
#   Increase physical memory or swap space
#   Check if swap backing store is full
#   Decrease Java heap size (-Xmx/-Xms)
#   Decrease number of Java threads
#   Decrease Java thread stack sizes (-Xss)
#   Set larger code cache with -XX:ReservedCodeCacheSize=
#   JVM is running with Unscaled Compressed Oops mode in which the Java heap is
#     placed in the first 4GB address space. The Java Heap base address is the
#     maximum limit for the native heap growth. Please use -XX:HeapBaseMinAddress
#     to set the Java Heap base and to place the Java Heap above 4GB virtual address.
# This output file may be truncated or incomplete.
#
#  Out of Memory Error (c:/jenkins/workspace/zulu12-build-win64/zulu-src/src/hotspot/share/memory/arena.cpp:81), pid=19240, tid=6560
#
# JRE version: OpenJDK Runtime Environment 
(Zulu12.3+11-CA) (12.0.2+3) (build 12.0.2+3)
# Java VM: OpenJDK 64-Bit Server VM (12.0.2+3, mixed mode, sharing, tiered, compressed oops, g1 gc, windows-amd64)
# No core dump will be written. Minidumps are not enabled by default on client versions of Windows
#

---------------  S U M M A R Y ------------

Command Line: -Dclassworlds.conf=C:\Program Files\NetBeans-11.1\netbeans\java\maven\bin\m2.conf -Dmaven.home=C:\Program Files\NetBeans-11.1\netbeans\java\maven -Dmaven.multiModuleProjectDirectory=C:\Users\master05\Documents\finalProjects\candidMaster org.codehaus.plexus.classworlds.launcher.Launcher -Dmaven.ext.class.path=C:\Program Files\NetBeans-11.1\netbeans\java\maven-nblib\netbeans-eventspy.jar -Dfile.encoding=UTF-8 install

Host: Intel(R) Core(TM) i7-4765T CPU @ 2.00GHz, 8 cores, 3G,  Windows 10 , 64 bit Build 18362 (10.0.18362.86)
Time: Mon Sep  2 10:43:41 2019 Maroc (heure d?été) elapsed time: 3 seconds (0d 0h 0m 3s)

---------------  T H R E A D  ---------------

Current thread (0x0000016224a03800):  JavaThread "C2 CompilerThread0" daemon [_thread_in_native, id=6560, stack(0x000000453d900000,0x000000453da00000)]


Current CompileTask:
C2:   3421 3009       4       org.eclipse.sisu.plexus.RealmFilteredBeans$FilteredItr::hasNext (81 bytes)

Stack: [0x000000453d900000,0x000000453da00000]
Native frames: (J=compiled Java code, j=interpreted, Vv=VM code, C=native code)
V  [jvm.dll+0x5f789a]
V  [jvm.dll+0x7a3f3e]
V  [jvm.dll+0x7a56b0]
V  [jvm.dll+0x7a5d13]
V  [jvm.dll+0x24a348]
V  [jvm.dll+0xbe2d6]
V  [jvm.dll+0xbe62c]
V  [jvm.dll+0x35b498]
V  [jvm.dll+0x35a941]
V  [jvm.dll+0x35a984]
V  [jvm.dll+0x4fa176]
V  [jvm.dll+0x4fa8e2]
V  [jvm.dll+0x322432]
V  [jvm.dll+0x3217da]
V  [jvm.dll+0x2045a5]
V  [jvm.dll+0x2037bf]
V  [jvm.dll+0x18576b]
V  [jvm.dll+0x212673]
V  [jvm.dll+0x210aa0]
V  [jvm.dll+0x767394]
V  [jvm.dll+0x7605d4]
V  [jvm.dll+0x5f6b56]
C  [ucrtbase.dll+0x1d9f2]
C  [KERNEL32.DLL+0x17bd4]
C  [ntdll.dll+0x6ce71]


---------------  P R O C E S S  ---------------

Threads class SMR info:
_java_thread_list=0x000001622546ec00, length=10, elements={
0x00000162080ca000, 0x00000162249dd800, 0x00000162249df000, 0x00000162249ff000,
0x0000016224a01000, 0x0000016224a03800, 0x0000016224a0a800, 0x0000016224a0e800,
0x0000016225484800, 0x0000016225496800
}

Java Threads: ( => current thread )
  0x00000162080ca000 JavaThread "main" [_thread_in_Java, id=13772, stack(0x000000453ce00000,0x000000453cf00000)]
  0x00000162249dd800 JavaThread "Reference Handler" daemon [_thread_blocked, id=16400, stack(0x000000453d500000,0x000000453d600000)]
  0x00000162249df000 JavaThread "Finalizer" daemon [_thread_blocked, id=14244, stack(0x000000453d600000,0x000000453d700000)]
  0x00000162249ff000 JavaThread "Signal Dispatcher" daemon [_thread_blocked, id=20156, stack(0x000000453d700000,0x000000453d800000)]
  0x0000016224a01000 JavaThread "Attach Listener" daemon [_thread_blocked, id=10520, stack(0x000000453d800000,0x000000453d900000)]
=>0x0000016224a03800 JavaThread "C2 CompilerThread0" daemon [_thread_in_native, id=6560, stack(0x000000453d900000,0x000000453da00000)]
  0x0000016224a0a800 JavaThread "C1 CompilerThread0" daemon [_thread_in_vm, id=12456, stack(0x000000453da00000,0x000000453db00000)]
  0x0000016224a0e800 JavaThread "Sweeper thread" daemon [_thread_blocked, id=10096, stack(0x000000453db00000,0x000000453dc00000)]
  0x0000016225484800 JavaThread "Service Thread" daemon [_thread_blocked, id=14004, stack(0x000000453dc00000,0x000000453dd00000)]
  0x0000016225496800 JavaThread "Common-Cleaner" daemon [_thread_blocked, id=4300, stack(0x000000453de00000,0x000000453df00000)]

Other Threads:
  0x00000162249dc000 VMThread "VM Thread" [stack: 0x000000453d400000,0x000000453d500000] [id=19844]
  0x0000016225485000 WatcherThread [stack: 0x000000453dd00000,0x000000453de00000] [id=3124]
  0x00000162080f4000 GCTaskThread "GC Thread#0" [stack: 0x000000453cf00000,0x000000453d000000] [id=17836]
  0x0000016225b47000 GCTaskThread "GC Thread#1" [stack: 0x000000453df00000,0x000000453e000000] [id=8288]
  0x00000162080fc800 ConcurrentGCThread "G1 Main Marker" [stack: 0x000000453d000000,0x000000453d100000] [id=18456]
  0x00000162080ff000 ConcurrentGCThread "G1 Conc#0" [stack: 0x000000453d100000,0x000000453d200000] [id=15964]
  0x0000016208166800 ConcurrentGCThread "G1 Refine#0" [stack: 0x000000453d200000,0x000000453d300000] [id=15396]
  0x0000016208167800 ConcurrentGCThread "G1 Young RemSet Sampling" [stack: 0x000000453d300000,0x000000453d400000] [id=17620]

Threads with active compile tasks:
C2 CompilerThread0  3009       4       org.eclipse.sisu.plexus.RealmFilteredBeans$FilteredItr::hasNext (81 bytes)
C1 CompilerThread0  3101       2       java.util.regex.Pattern::sequence (645 bytes)

VM state:not at safepoint (normal execution)

VM Mutex/Monitor currently owned by a thread: None

Heap address: 0x00000000c1a00000, size: 998 MB, Compressed Oops mode: 32-bit
Narrow klass base: 0x0000000800000000, Narrow klass shift: 3
Compressed class space size: 1073741824 Address: 0x00000008011a0000

Heap:
 garbage-first heap   total 65536K, used 35536K [0x00000000c1a00000, 0x0000000100000000)
  region size 1024K, 33 young (33792K), 5 survivors (5120K)
 Metaspace       used 13144K, capacity 14824K, committed 15104K, reserved 1062912K
  class space    used 1505K, capacity 1731K, committed 1792K, reserved 1048576K
Heap Regions: E=young(eden), S=young(survivor), O=old, HS=humongous(starts), HC=humongous(continues), CS=collection set, F=free, A=archive, TAMS=top-at-mark-start (previous, next)
|   0|0x00000000c1a00000, 0x00000000c1b00000, 0x00000000c1b00000|100%| O|  |TAMS 0x00000000c1a00000, 0x00000000c1a00000| Untracked 
|   1|0x00000000c1b00000, 0x00000000c1c00000, 0x00000000c1c00000|100%| O|  |TAMS 0x00000000c1b00000, 0x00000000c1b00000| Untracked 
|   2|0x00000000c1c00000, 0x00000000c1d00000, 0x00000000c1d00000|100%| O|  |TAMS 0x00000000c1c00000, 0x00000000c1c00000| Untracked 
|   3|0x00000000c1d00000, 0x00000000c1d15c00, 0x00000000c1e00000|  8%| O|  |TAMS 0x00000000c1d00000, 0x00000000c1d00000| Untracked 
|   4|0x00000000c1e00000, 0x00000000c1e00000, 0x00000000c1f00000|  0%| F|  |TAMS 0x00000000c1e00000, 0x00000000c1e00000| Untracked 
|   5|0x00000000c1f00000, 0x00000000c1f00000, 0x00000000c2000000|  0%| F|  |TAMS 0x00000000c1f00000, 0x00000000c1f00000| Untracked 
|   6|0x00000000c2000000, 0x00000000c2000000, 0x00000000c2100000|  0%| F|  |TAMS 0x00000000c2000000, 0x00000000c2000000| Untracked 
|   7|0x00000000c2100000, 0x00000000c2100000, 0x00000000c2200000|  0%| F|  |TAMS 0x00000000c2100000, 0x00000000c2100000| Untracked 
|   8|0x00000000c2200000, 0x00000000c2200000, 0x00000000c2300000|  0%| F|  |TAMS 0x00000000c2200000, 0x00000000c2200000| Untracked 
|   9|0x00000000c2300000, 0x00000000c2300000, 0x00000000c2400000|  0%| F|  |TAMS 0x00000000c2300000, 0x00000000c2300000| Untracked 
|  10|0x00000000c2400000, 0x00000000c2400000, 0x00000000c2500000|  0%| F|  |TAMS 0x00000000c2400000, 0x00000000c2400000| Untracked 
|  11|0x00000000c2500000, 0x00000000c2500000, 0x00000000c2600000|  0%| F|  |TAMS 0x00000000c2500000, 0x00000000c2500000| Untracked 
|  12|0x00000000c2600000, 0x00000000c2600000, 0x00000000c2700000|  0%| F|  |TAMS 0x00000000c2600000, 0x00000000c2600000| Untracked 
|  13|0x00000000c2700000, 0x00000000c2700000, 0x00000000c2800000|  0%| F|  |TAMS 0x00000000c2700000, 0x00000000c2700000| Untracked 
|  14|0x00000000c2800000, 0x00000000c2800000, 0x00000000c2900000|  0%| F|  |TAMS 0x00000000c2800000, 0x00000000c2800000| Untracked 
|  15|0x00000000c2900000, 0x00000000c2900000, 0x00000000c2a00000|  0%| F|  |TAMS 0x00000000c2900000, 0x00000000c2900000| Untracked 
|  16|0x00000000c2a00000, 0x00000000c2a00000, 0x00000000c2b00000|  0%| F|  |TAMS 0x00000000c2a00000, 0x00000000c2a00000| Untracked 
|  17|0x00000000c2b00000, 0x00000000c2b00000, 0x00000000c2c00000|  0%| F|  |TAMS 0x00000000c2b00000, 0x00000000c2b00000| Untracked 
|  18|0x00000000c2c00000, 0x00000000c2c00000, 0x00000000c2d00000|  0%| F|  |TAMS 0x00000000c2c00000, 0x00000000c2c00000| Untracked 
|  19|0x00000000c2d00000, 0x00000000c2d00000, 0x00000000c2e00000|  0%| F|  |TAMS 0x00000000c2d00000, 0x00000000c2d00000| Untracked 
|  20|0x00000000c2e00000, 0x00000000c2e00000, 0x00000000c2f00000|  0%| F|  |TAMS 0x00000000c2e00000, 0x00000000c2e00000| Untracked 
|  21|0x00000000c2f00000, 0x00000000c2f9e418, 0x00000000c3000000| 61%| S|CS|TAMS 0x00000000c2f00000, 0x00000000c2f00000| Complete 
|  22|0x00000000c3000000, 0x00000000c3100000, 0x00000000c3100000|100%| S|CS|TAMS 0x00000000c3000000, 0x00000000c3000000| Complete 
|  23|0x00000000c3100000, 0x00000000c3100000, 0x00000000c3200000|  0%| F|  |TAMS 0x00000000c3100000, 0x00000000c3100000| Untracked 
|  24|0x00000000c3200000, 0x00000000c3200000, 0x00000000c3300000|  0%| F|  |TAMS 0x00000000c3200000, 0x00000000c3200000| Untracked 
|  25|0x00000000c3300000, 0x00000000c3300000, 0x00000000c3400000|  0%| F|  |TAMS 0x00000000c3300000, 0x00000000c3300000| Untracked 
|  26|0x00000000c3400000, 0x00000000c3500000, 0x00000000c3500000|100%| S|CS|TAMS 0x00000000c3400000, 0x00000000c3400000| Complete 
|  27|0x00000000c3500000, 0x00000000c3600000, 0x00000000c3600000|100%| S|CS|TAMS 0x00000000c3500000, 0x00000000c3500000| Complete 
|  28|0x00000000c3600000, 0x00000000c3700000, 0x00000000c3700000|100%| S|CS|TAMS 0x00000000c3600000, 0x00000000c3600000| Complete 
|  29|0x00000000c3700000, 0x00000000c3700000, 0x00000000c3800000|  0%| F|  |TAMS 0x00000000c3700000, 0x00000000c3700000| Untracked 
|  30|0x00000000c3800000, 0x00000000c3800000, 0x00000000c3900000|  0%| F|  |TAMS 0x00000000c3800000, 0x00000000c3800000| Untracked 
|  31|0x00000000c3900000, 0x00000000c3900000, 0x00000000c3a00000|  0%| F|  |TAMS 0x00000000c3900000, 0x00000000c3900000| Untracked 
|  32|0x00000000c3a00000, 0x00000000c3a00000, 0x00000000c3b00000|  0%| F|  |TAMS 0x00000000c3a00000, 0x00000000c3a00000| Untracked 
|  33|0x00000000c3b00000, 0x00000000c3b00000, 0x00000000c3c00000|  0%| F|  |TAMS 0x00000000c3b00000, 0x00000000c3b00000| Untracked 
|  34|0x00000000c3c00000, 0x00000000c3c00000, 0x00000000c3d00000|  0%| F|  |TAMS 0x00000000c3c00000, 0x00000000c3c00000| Untracked 
|  35|0x00000000c3d00000, 0x00000000c3d00000, 0x00000000c3e00000|  0%| F|  |TAMS 0x00000000c3d00000, 0x00000000c3d00000| Untracked 
|  36|0x00000000c3e00000, 0x00000000c3e80810, 0x00000000c3f00000| 50%| E|  |TAMS 0x00000000c3e00000, 0x00000000c3e00000| Complete 
|  37|0x00000000c3f00000, 0x00000000c4000000, 0x00000000c4000000|100%| E|CS|TAMS 0x00000000c3f00000, 0x00000000c3f00000| Complete 
|  38|0x00000000c4000000, 0x00000000c4100000, 0x00000000c4100000|100%| E|CS|TAMS 0x00000000c4000000, 0x00000000c4000000| Complete 
|  39|0x00000000c4100000, 0x00000000c4200000, 0x00000000c4200000|100%| E|CS|TAMS 0x00000000c4100000, 0x00000000c4100000| Complete 
|  40|0x00000000c4200000, 0x00000000c4300000, 0x00000000c4300000|100%| E|CS|TAMS 0x00000000c4200000, 0x00000000c4200000| Complete 
|  41|0x00000000c4300000, 0x00000000c4400000, 0x00000000c4400000|100%| E|CS|TAMS 0x00000000c4300000, 0x00000000c4300000| Complete 
|  42|0x00000000c4400000, 0x00000000c4500000, 0x00000000c4500000|100%| E|CS|TAMS 0x00000000c4400000, 0x00000000c4400000| Complete 
|  43|0x00000000c4500000, 0x00000000c4600000, 0x00000000c4600000|100%| E|CS|TAMS 0x00000000c4500000, 0x00000000c4500000| Complete 
|  44|0x00000000c4600000, 0x00000000c4700000, 0x00000000c4700000|100%| E|CS|TAMS 0x00000000c4600000, 0x00000000c4600000| Complete 
|  45|0x00000000c4700000, 0x00000000c4800000, 0x00000000c4800000|100%| E|CS|TAMS 0x00000000c4700000, 0x00000000c4700000| Complete 
|  46|0x00000000c4800000, 0x00000000c4900000, 0x00000000c4900000|100%| E|CS|TAMS 0x00000000c4800000, 0x00000000c4800000| Complete 
|  47|0x00000000c4900000, 0x00000000c4a00000, 0x00000000c4a00000|100%| E|CS|TAMS 0x00000000c4900000, 0x00000000c4900000| Complete 
|  48|0x00000000c4a00000, 0x00000000c4b00000, 0x00000000c4b00000|100%| E|CS|TAMS 0x00000000c4a00000, 0x00000000c4a00000| Complete 
|  49|0x00000000c4b00000, 0x00000000c4c00000, 0x00000000c4c00000|100%| E|CS|TAMS 0x00000000c4b00000, 0x00000000c4b00000| Complete 
|  50|0x00000000c4c00000, 0x00000000c4d00000, 0x00000000c4d00000|100%| E|CS|TAMS 0x00000000c4c00000, 0x00000000c4c00000| Complete 
|  51|0x00000000c4d00000, 0x00000000c4e00000, 0x00000000c4e00000|100%| E|CS|TAMS 0x00000000c4d00000, 0x00000000c4d00000| Complete 
|  52|0x00000000c4e00000, 0x00000000c4f00000, 0x00000000c4f00000|100%| E|CS|TAMS 0x00000000c4e00000, 0x00000000c4e00000| Complete 
|  53|0x00000000c4f00000, 0x00000000c5000000, 0x00000000c5000000|100%| E|CS|TAMS 0x00000000c4f00000, 0x00000000c4f00000| Complete 
|  54|0x00000000c5000000, 0x00000000c5100000, 0x00000000c5100000|100%| E|CS|TAMS 0x00000000c5000000, 0x00000000c5000000| Complete 
|  55|0x00000000c5100000, 0x00000000c5200000, 0x00000000c5200000|100%| E|CS|TAMS 0x00000000c5100000, 0x00000000c5100000| Complete 
|  56|0x00000000c5200000, 0x00000000c5300000, 0x00000000c5300000|100%| E|CS|TAMS 0x00000000c5200000, 0x00000000c5200000| Complete 
|  57|0x00000000c5300000, 0x00000000c5400000, 0x00000000c5400000|100%| E|CS|TAMS 0x00000000c5300000, 0x00000000c5300000| Complete 
|  58|0x00000000c5400000, 0x00000000c5500000, 0x00000000c5500000|100%| E|CS|TAMS 0x00000000c5400000, 0x00000000c5400000| Complete 
|  59|0x00000000c5500000, 0x00000000c5600000, 0x00000000c5600000|100%| E|CS|TAMS 0x00000000c5500000, 0x00000000c5500000| Complete 
|  60|0x00000000c5600000, 0x00000000c5700000, 0x00000000c5700000|100%| E|CS|TAMS 0x00000000c5600000, 0x00000000c5600000| Complete 
|  61|0x00000000c5700000, 0x00000000c5800000, 0x00000000c5800000|100%| E|CS|TAMS 0x00000000c5700000, 0x00000000c5700000| Complete 
|  62|0x00000000c5800000, 0x00000000c5900000, 0x00000000c5900000|100%| E|CS|TAMS 0x00000000c5800000, 0x00000000c5800000| Complete 
|  63|0x00000000c5900000, 0x00000000c5a00000, 0x00000000c5a00000|100%| E|CS|TAMS 0x00000000c5900000, 0x00000000c5900000| Complete 

Card table byte_map: [0x000001621fcc0000,0x000001621fec0000] _byte_map_base: 0x000001621f6b3000

Marking Bits (Prev, Next): (CMBitMap*) 0x00000162080f4bf8, (CMBitMap*) 0x00000162080f4c38
 Prev Bits: [0x00000162200c0000, 0x0000016221058000)
 Next Bits: [0x0000016221060000, 0x0000016221ff8000)

Polling page: 0x0000016206030000

Metaspace:

Usage:
  Non-class:     12.79 MB capacity,    11.38 MB ( 89%) used,     1.39 MB ( 11%) free+waste,    17.50 KB ( <1%) overhead. 
      Class:      1.69 MB capacity,     1.47 MB ( 87%) used,   218.21 KB ( 13%) free+waste,     7.69 KB ( <1%) overhead. 
       Both:     14.48 MB capacity,    12.85 MB ( 89%) used,     1.60 MB ( 11%) free+waste,    25.19 KB ( <1%) overhead. 

Virtual space:
  Non-class space:       14.00 MB reserved,      13.00 MB ( 93%) committed 
      Class space:        1.00 GB reserved,       1.75 MB ( <1%) committed 
             Both:        1.01 GB reserved,      14.75 MB (  1%) committed 

Chunk freelists:
   Non-Class:  3.38 KB
       Class:  0 bytes
        Both:  3.38 KB

CodeHeap 'non-profiled nmethods': size=120000Kb used=1248Kb max_used=1248Kb free=118751Kb
 bounds [0x0000016218260000, 0x00000162184d0000, 0x000001621f790000]
CodeHeap 'profiled nmethods': size=120000Kb used=6315Kb max_used=6315Kb free=113684Kb
 bounds [0x0000016210d30000, 0x0000016211360000, 0x0000016218260000]
CodeHeap 'non-nmethods': size=5760Kb used=1128Kb max_used=1152Kb free=4631Kb
 bounds [0x0000016210790000, 0x0000016210a00000, 0x0000016210d30000]
 total_blobs=4078 nmethods=3076 adapters=342
 compilation: enabled
              stopped_count=0, restarted_count=0
 full_count=0

Compilation events (10 events):
Event: 3.397 Thread 0x0000016224a0a800 3083       2       org.codehaus.plexus.util.StringUtils::isBlank (43 bytes)
Event: 3.398 Thread 0x0000016224a0a800 nmethod 3083 0x0000016211352f10 code [0x0000016211353120, 0x0000016211353560]
Event: 3.405 Thread 0x0000016224a0a800 3084       1       org.apache.maven.model.Model::setScm (6 bytes)
Event: 3.406 Thread 0x0000016224a0a800 nmethod 3084 0x0000016218397390 code [0x0000016218397540, 0x00000162183976b8]
Event: 3.406 Thread 0x0000016224a0a800 3085       1       java.util.Collections$UnmodifiableMap::size (10 bytes)
Event: 3.406 Thread 0x0000016224a0a800 nmethod 3085 0x0000016218397710 code [0x00000162183978c0, 0x0000016218397a30]
Event: 3.407 Thread 0x0000016224a0a800 3087       2       java.util.ArrayList::hashCodeRange (68 bytes)
Event: 3.407 Thread 0x0000016224a0a800 nmethod 3087 0x0000016211353890 code [0x0000016211353a80, 0x0000016211353de0]
Event: 3.407 Thread 0x0000016224a0a800 3086       2       java.util.ArrayList::hashCode (22 bytes)
Event: 3.408 Thread 0x0000016224a0a800 nmethod 3086 0x0000016211353f90 code [0x0000016211354160, 0x0000016211354400]

GC Heap History (6 events):
Event: 1.028 GC heap before
{Heap before GC invocations=0 (full 0):
 garbage-first heap   total 65536K, used 23552K [0x00000000c1a00000, 0x0000000100000000)
  region size 1024K, 24 young (24576K), 0 survivors (0K)
 Metaspace       used 4785K, capacity 7575K, committed 7808K, reserved 1056768K
  class space    used 598K, capacity 888K, committed 896K, reserved 1048576K
}
Event: 1.038 GC heap after
{Heap after GC invocations=1 (full 0):
 garbage-first heap   total 65536K, used 3324K [0x00000000c1a00000, 0x0000000100000000)
  region size 1024K, 3 young (3072K), 3 survivors (3072K)
 Metaspace       used 4785K, capacity 7575K, committed 7808K, reserved 1056768K
  class space    used 598K, capacity 888K, committed 896K, reserved 1048576K
}
Event: 2.017 GC heap before
{Heap before GC invocations=1 (full 0):
 garbage-first heap   total 65536K, used 39164K [0x00000000c1a00000, 0x0000000100000000)
  region size 1024K, 38 young (38912K), 3 survivors (3072K)
 Metaspace       used 10465K, capacity 12516K, committed 12672K, reserved 1060864K
  class space    used 1305K, capacity 1559K, committed 1664K, reserved 1048576K
}
Event: 2.030 GC heap after
{Heap after GC invocations=2 (full 0):
 garbage-first heap   total 65536K, used 5427K [0x00000000c1a00000, 0x0000000100000000)
  region size 1024K, 3 young (3072K), 3 survivors (3072K)
 Metaspace       used 10465K, capacity 12516K, committed 12672K, reserved 1060864K
  class space    used 1305K, capacity 1559K, committed 1664K, reserved 1048576K
}
Event: 2.756 GC heap before
{Heap before GC invocations=2 (full 0):
 garbage-first heap   total 65536K, used 41267K [0x00000000c1a00000, 0x0000000100000000)
  region size 1024K, 38 young (38912K), 3 survivors (3072K)
 Metaspace       used 12647K, capacity 14433K, committed 14592K, reserved 1062912K
  class space    used 1489K, capacity 1729K, committed 1792K, reserved 1048576K
}
Event: 2.772 GC heap after
{Heap after GC invocations=3 (full 0):
 garbage-first heap   total 65536K, used 7888K [0x00000000c1a00000, 0x0000000100000000)
  region size 1024K, 5 young (5120K), 5 survivors (5120K)
 Metaspace       used 12647K, capacity 14433K, committed 14592K, reserved 1062912K
  class space    used 1489K, capacity 1729K, committed 1792K, reserved 1048576K
}

Deoptimization events (10 events):
Event: 2.293 Thread 0x00000162080ca000 Uncommon trap: reason=unstable_if action=reinterpret pc=0x00000162182cafdc method=java.util.HashMap.hash(Ljava/lang/Object;)I @ 1 c2
Event: 2.402 Thread 0x00000162080ca000 Uncommon trap: reason=unstable_if action=reinterpret pc=0x000001621831a8f4 method=org.codehaus.plexus.util.xml.pull.MXParser.nextImpl()I @ 972 c2
Event: 2.531 Thread 0x00000162080ca000 Uncommon trap: reason=class_check action=maybe_recompile pc=0x0000016218326638 method=java.nio.charset.CharsetDecoder.decode(Ljava/nio/ByteBuffer;Ljava/nio/CharBuffer;Z)Ljava/nio/charset/CoderResult; @ 57 c2
Event: 2.531 Thread 0x00000162080ca000 Uncommon trap: reason=class_check action=maybe_recompile pc=0x00000162182b37a8 method=java.nio.charset.CharsetDecoder.decode(Ljava/nio/ByteBuffer;Ljava/nio/CharBuffer;Z)Ljava/nio/charset/CoderResult; @ 57 c2
Event: 2.531 Thread 0x00000162080ca000 Uncommon trap: reason=class_check action=maybe_recompile pc=0x0000016218326638 method=java.nio.charset.CharsetDecoder.decode(Ljava/nio/ByteBuffer;Ljava/nio/CharBuffer;Z)Ljava/nio/charset/CoderResult; @ 57 c2
Event: 2.531 Thread 0x00000162080ca000 Uncommon trap: reason=class_check action=maybe_recompile pc=0x00000162182b37a8 method=java.nio.charset.CharsetDecoder.decode(Ljava/nio/ByteBuffer;Ljava/nio/CharBuffer;Z)Ljava/nio/charset/CoderResult; @ 57 c2
Event: 2.532 Thread 0x00000162080ca000 Uncommon trap: reason=class_check action=maybe_recompile pc=0x0000016218326638 method=java.nio.charset.CharsetDecoder.decode(Ljava/nio/ByteBuffer;Ljava/nio/CharBuffer;Z)Ljava/nio/charset/CoderResult; @ 57 c2
Event: 2.642 Thread 0x00000162080ca000 Uncommon trap: reason=unstable_if action=reinterpret pc=0x00000162182fdf6c method=java.util.HashMap.hash(Ljava/lang/Object;)I @ 1 c2
Event: 2.840 Thread 0x00000162080ca000 Uncommon trap: reason=unstable_if action=reinterpret pc=0x00000162182f0724 method=java.util.HashMap.getNode(ILjava/lang/Object;)Ljava/util/HashMap$Node; @ 53 c2
Event: 3.386 Thread 0x00000162080ca000 Uncommon trap: reason=predicate action=maybe_recompile pc=0x000001621838f22c method=java.util.AbstractCollection.toArray([Ljava/lang/Object;)[Ljava/lang/Object; @ 43 c2

Classes redefined (0 events):
No events

Internal exceptions (8 events):
Event: 0.442 Thread 0x00000162080ca000 Exception <a 'java/lang/NoSuchMethodError'{0x00000000c54e76a8}: java.lang.invoke.DirectMethodHandle$Holder.invokeSpecialIFC(Ljava/lang/Object;Ljava/lang/Object;I)I> (0x00000000c54e76a8) thrown at [c:/jenkins/workspace/zulu12-build-win64/zulu-src/src/hotsp
Event: 1.853 Thread 0x00000162080ca000 Exception <a 'java/lang/NoClassDefFoundError'{0x00000000c3965780}: com/google/inject/servlet/ServletModuleTargetVisitor> (0x00000000c3965780) thrown at [c:/jenkins/workspace/zulu12-build-win64/zulu-src/src/hotspot/share/classfile/systemDictionary.cpp, lin
Event: 1.854 Thread 0x00000162080ca000 Exception <a 'java/lang/NoClassDefFoundError'{0x00000000c39685f8}: javax/annotation/Priority> (0x00000000c39685f8) thrown at [c:/jenkins/workspace/zulu12-build-win64/zulu-src/src/hotspot/share/classfile/systemDictionary.cpp, line 224]
Event: 1.980 Thread 0x00000162080ca000 Exception <a 'java/lang/NoSuchMethodError'{0x00000000c35d8250}: java.lang.invoke.DirectMethodHandle$Holder.invokeStaticInit(Ljava/lang/Object;IIII)Ljava/lang/Object;> (0x00000000c35d8250) thrown at [c:/jenkins/workspace/zulu12-build-win64/zulu-src/src/hot
Event: 2.114 Thread 0x00000162080ca000 Implicit null exception at 0x000001621830201d to 0x0000016218302106
Event: 2.292 Thread 0x00000162080ca000 Implicit null exception at 0x00000162182a4585 to 0x00000162182a476e
Event: 2.293 Thread 0x00000162080ca000 Implicit null exception at 0x00000162182caf4f to 0x00000162182cafcd
Event: 2.642 Thread 0x00000162080ca000 Implicit null exception at 0x00000162182fd84b to 0x00000162182fdf56

Events (10 events):
Event: 3.170 Executing VM operation: ICBufferFull done
Event: 3.332 loading class java/util/stream/IntStream
Event: 3.333 loading class java/util/stream/IntStream done
Event: 3.386 Thread 0x00000162080ca000 Uncommon trap: trap_request=0xffffff7e fr.pc=0x000001621838f22c relative=0x000000000000090c
Event: 3.386 Thread 0x00000162080ca000 DEOPT PACKING pc=0x000001621838f22c sp=0x000000453cefc3d0
Event: 3.386 Thread 0x00000162080ca000 DEOPT UNPACKING pc=0x00000162107b9baf sp=0x000000453cefc318 mode 2
Event: 3.389 Thread 0x00000162080ca000 DEOPT PACKING pc=0x000001621127624e sp=0x000000453cefc180
Event: 3.389 Thread 0x00000162080ca000 DEOPT UNPACKING pc=0x00000162107b99ce sp=0x000000453cefb710 mode 0
Event: 3.389 Thread 0x00000162080ca000 DEOPT PACKING pc=0x000001621127624e sp=0x000000453cefbdc0
Event: 3.389 Thread 0x00000162080ca000 DEOPT UNPACKING pc=0x00000162107b99ce sp=0x000000453cefb350 mode 0


Dynamic libraries:
0x00007ff6438f0000 - 0x00007ff6438fd000 	C:\Program Files\Zulu\zulu-12\bin\java.exe
0x00007ffced6c0000 - 0x00007ffced8b0000 	C:\WINDOWS\SYSTEM32\ntdll.dll
0x00007ffcec780000 - 0x00007ffcec832000 	C:\WINDOWS\System32\KERNEL32.DLL
0x00007ffcea8d0000 - 0x00007ffceab73000 	C:\WINDOWS\System32\KERNELBASE.dll
0x00007ffcea680000 - 0x00007ffcea77a000 	C:\WINDOWS\System32\ucrtbase.dll
0x00007ffce4e20000 - 0x00007ffce4e35000 	C:\Program Files\Zulu\zulu-12\bin\VCRUNTIME140.dll
0x00007ffce55d0000 - 0x00007ffce55e7000 	C:\Program Files\Zulu\zulu-12\bin\jli.dll
0x00007ffcecb60000 - 0x00007ffceccf3000 	C:\WINDOWS\System32\USER32.dll
0x00007ffcdae20000 - 0x00007ffcdb0a5000 	C:\WINDOWS\WinSxS\amd64_microsoft.windows.common-controls_6595b64144ccf1df_6.0.18362.295_none_e6c3acbd13101292\COMCTL32.dll
0x00007ffceac20000 - 0x00007ffceac41000 	C:\WINDOWS\System32\win32u.dll
0x00007ffceca10000 - 0x00007ffcecaae000 	C:\WINDOWS\System32\msvcrt.dll
0x00007ffcec840000 - 0x00007ffcec866000 	C:\WINDOWS\System32\GDI32.dll
0x00007ffceb9f0000 - 0x00007ffcebd26000 	C:\WINDOWS\System32\combase.dll
0x00007ffceb480000 - 0x00007ffceb614000 	C:\WINDOWS\System32\gdi32full.dll
0x00007ffcebdc0000 - 0x00007ffcebee0000 	C:\WINDOWS\System32\RPCRT4.dll
0x00007ffcea7d0000 - 0x00007ffcea86e000 	C:\WINDOWS\System32\msvcp_win.dll
0x00007ffceab80000 - 0x00007ffceac00000 	C:\WINDOWS\System32\bcryptPrimitives.dll
0x00007ffced470000 - 0x00007ffced49e000 	C:\WINDOWS\System32\IMM32.DLL
0x00007ffcc8560000 - 0x00007ffcc85fb000 	C:\Program Files\Zulu\zulu-12\bin\msvcp140.dll
0x00007ffc9ec60000 - 0x00007ffc9f80a000 	C:\Program Files\Zulu\zulu-12\bin\server\jvm.dll
0x00007ffcec960000 - 0x00007ffceca03000 	C:\WINDOWS\System32\ADVAPI32.dll
0x00007ffcec6e0000 - 0x00007ffcec777000 	C:\WINDOWS\System32\sechost.dll
0x00007ffcec540000 - 0x00007ffcec548000 	C:\WINDOWS\System32\PSAPI.DLL
0x00007ffce01a0000 - 0x00007ffce01a9000 	C:\WINDOWS\SYSTEM32\WSOCK32.dll
0x00007ffce3d10000 - 0x00007ffce3d34000 	C:\WINDOWS\SYSTEM32\WINMM.dll
0x00007ffce5cf0000 - 0x00007ffce5cfa000 	C:\WINDOWS\SYSTEM32\VERSION.dll
0x00007ffcebd30000 - 0x00007ffcebd9f000 	C:\WINDOWS\System32\WS2_32.dll
0x00007ffce3c80000 - 0x00007ffce3cad000 	C:\WINDOWS\SYSTEM32\winmmbase.dll
0x00007ffcea780000 - 0x00007ffcea7ca000 	C:\WINDOWS\System32\cfgmgr32.dll
0x00007ffcea5a0000 - 0x00007ffcea5b1000 	C:\WINDOWS\System32\kernel.appcore.dll
0x00007ffce5840000 - 0x00007ffce5850000 	C:\Program Files\Zulu\zulu-12\bin\verify.dll
0x00007ffce47f0000 - 0x00007ffce49e4000 	C:\WINDOWS\SYSTEM32\DBGHELP.DLL
0x00007ffce4540000 - 0x00007ffce456a000 	C:\WINDOWS\SYSTEM32\dbgcore.DLL
0x00007ffce26e0000 - 0x00007ffce2706000 	C:\Program Files\Zulu\zulu-12\bin\java.dll
0x00007ffcdfff0000 - 0x00007ffce0007000 	C:\Program Files\Zulu\zulu-12\bin\zip.dll
0x00007ffce4e90000 - 0x00007ffce4e9a000 	C:\Program Files\Zulu\zulu-12\bin\jimage.dll
0x00007ffcecd00000 - 0x00007ffced3e2000 	C:\WINDOWS\System32\SHELL32.dll
0x00007ffcebee0000 - 0x00007ffcebf89000 	C:\WINDOWS\System32\shcore.dll
0x00007ffceac50000 - 0x00007ffceb3cc000 	C:\WINDOWS\System32\windows.storage.dll
0x00007ffcea5e0000 - 0x00007ffcea5ff000 	C:\WINDOWS\System32\profapi.dll
0x00007ffcea600000 - 0x00007ffcea64a000 	C:\WINDOWS\System32\powrprof.dll
0x00007ffcea590000 - 0x00007ffcea5a0000 	C:\WINDOWS\System32\UMPDC.dll
0x00007ffcec890000 - 0x00007ffcec8e2000 	C:\WINDOWS\System32\shlwapi.dll
0x00007ffceac00000 - 0x00007ffceac17000 	C:\WINDOWS\System32\cryptsp.dll
0x00007ffcdf480000 - 0x00007ffcdf499000 	C:\Program Files\Zulu\zulu-12\bin\net.dll
0x00007ffcde0d0000 - 0x00007ffcde2a6000 	C:\WINDOWS\SYSTEM32\urlmon.dll
0x00007ffce1c00000 - 0x00007ffce1cf0000 	C:\WINDOWS\SYSTEM32\WINHTTP.dll
0x00007ffcdd670000 - 0x00007ffcdd916000 	C:\WINDOWS\SYSTEM32\iertutil.dll
0x00007ffce9ed0000 - 0x00007ffce9edc000 	C:\WINDOWS\SYSTEM32\CRYPTBASE.DLL
0x00007ffce9d50000 - 0x00007ffce9db7000 	C:\WINDOWS\system32\mswsock.dll
0x00007ffcda890000 - 0x00007ffcda8a3000 	C:\Program Files\Zulu\zulu-12\bin\nio.dll

dbghelp: loaded successfully - version: 4.0.5 - missing functions: none
symbol engine: initialized successfully - sym options: 0x614 - pdb path: .;C:\Program Files\Zulu\zulu-12\bin;C:\WINDOWS\SYSTEM32;C:\WINDOWS\WinSxS\amd64_microsoft.windows.common-controls_6595b64144ccf1df_6.0.18362.295_none_e6c3acbd13101292;C:\Program Files\Zulu\zulu-12\bin\server

VM Arguments:
jvm_args: -Dclassworlds.conf=C:\Program Files\NetBeans-11.1\netbeans\java\maven\bin\m2.conf -Dmaven.home=C:\Program Files\NetBeans-11.1\netbeans\java\maven -Dmaven.multiModuleProjectDirectory=C:\Users\master05\Documents\finalProjects\candidMaster 
java_command: org.codehaus.plexus.classworlds.launcher.Launcher -Dmaven.ext.class.path=C:\Program Files\NetBeans-11.1\netbeans\java\maven-nblib\netbeans-eventspy.jar -Dfile.encoding=UTF-8 install
java_class_path (initial): C:\Program Files\NetBeans-11.1\netbeans\java\maven\boot\plexus-classworlds-2.5.2.jar
Launcher Type: SUN_STANDARD

[Global flags]
     intx CICompilerCount                          = 4                                         {product} {ergonomic}
     uint ConcGCThreads                            = 2                                         {product} {ergonomic}
     uint G1ConcRefinementThreads                  = 8                                         {product} {ergonomic}
   size_t G1HeapRegionSize                         = 1048576                                   {product} {ergonomic}
    uintx GCDrainStackTargetSize                   = 64                                        {product} {ergonomic}
   size_t InitialHeapSize                          = 67108864                                  {product} {ergonomic}
   size_t MarkStackSize                            = 4194304                                   {product} {ergonomic}
   size_t MaxHeapSize                              = 1046478848                                {product} {ergonomic}
   size_t MaxNewSize                               = 627048448                                 {product} {ergonomic}
   size_t MinHeapDeltaBytes                        = 1048576                                   {product} {ergonomic}
    uintx NonNMethodCodeHeapSize                   = 5836300                                {pd product} {ergonomic}
    uintx NonProfiledCodeHeapSize                  = 122910970                              {pd product} {ergonomic}
    uintx ProfiledCodeHeapSize                     = 122910970                              {pd product} {ergonomic}
    uintx ReservedCodeCacheSize                    = 251658240                              {pd product} {ergonomic}
     bool SegmentedCodeCache                       = true                                      {product} {ergonomic}
     bool UseCompressedClassPointers               = true                                 {lp64_product} {ergonomic}
     bool UseCompressedOops                        = true                                 {lp64_product} {ergonomic}
     bool UseG1GC                                  = true                                      {product} {ergonomic}
     bool UseLargePagesIndividualAllocation        = false                                  {pd product} {ergonomic}

Logging:
Log output configuration:
 #0: stdout all=warning uptime,level,tags
 #1: stderr all=off uptime,level,tags

Environment Variables:
JAVA_HOME=C:\Program Files\Zulu\zulu-12
PATH=C:\Program Files (x86)\Common Files\Oracle\Java\javapath;C:\orant\bin;C:\WINDOWS\system32;C:\WINDOWS;C:\WINDOWS\System32\Wbem;C:\WINDOWS\System32\WindowsPowerShell\v1.0\;C:\orant\jdk\bin;C:\WINDOWS\System32\OpenSSH\;C:\Program Files\PuTTY\;C:\Program Files (x86)\IBM\SPSS\Statistics\24\JRE\bin;C:\oracle_odbc;C:\Program Files\Git\cmd;C:\Program Files\Zulu\zulu-12\bin\;C:\Program Files\Zulu\zulu-11\bin\;C:\Users\master05\AppData\Local\Microsoft\WindowsApps;;C:\Users\master05\AppData\Local\Programs\Microsoft VS Code\bin
USERNAME=master05
OS=Windows_NT
PROCESSOR_IDENTIFIER=Intel64 Family 6 Model 60 Stepping 3, GenuineIntel



---------------  S Y S T E M  ---------------

OS: Windows 10 , 64 bit Build 18362 (10.0.18362.86)

CPU:total 8 (initial active 8) (4 cores per cpu, 2 threads per core) family 6 model 60 stepping 3, cmov, cx8, fxsr, mmx, sse, sse2, sse3, ssse3, sse4.1, sse4.2, popcnt, avx, avx2, aes, clmul, erms, lzcnt, ht, tsc, tscinvbit, bmi1, bmi2, fma

Memory: 4k page, system-wide physical 3986M (185M free)
TotalPageFile size 15787M (AvailPageFile size 0M)
current process WorkingSet (physical memory assigned to process): 130M, peak: 130M
current process commit charge ("private bytes"): 188M, peak: 188M

vm_info: OpenJDK 64-Bit Server VM (12.0.2+3) for windows-amd64 JRE (Zulu12.3+11-CA) (12.0.2+3), built on Jul 11 2019 08:39:41 by "zulu_re" with MS VC++ 15.9 (VS2017)

END.
