#
# There is insufficient memory for the Java Runtime Environment to continue.
# Native memory allocation (malloc) failed to allocate 32744 bytes for ChunkPool::allocate
# Possible reasons:
#   The system is out of physical RAM or swap space
#   The process is running with CompressedOops enabled, and the Java Heap may be blocking the growth of the native heap
# Possible solutions:
#   Reduce memory load on the system
#   Increase physical memory or swap space
#   Check if swap backing store is full
#   Decrease Java heap size (-Xmx/-Xms)
#   Decrease number of Java threads
#   Decrease Java thread stack sizes (-Xss)
#   Set larger code cache with -XX:ReservedCodeCacheSize=
#   JVM is running with Unscaled Compressed Oops mode in which the Java heap is
#     placed in the first 4GB address space. The Java Heap base address is the
#     maximum limit for the native heap growth. Please use -XX:HeapBaseMinAddress
#     to set the Java Heap base and to place the Java Heap above 4GB virtual address.
# This output file may be truncated or incomplete.
#
#  Out of Memory Error (c:/jenkins/workspace/zulu12-build-win64/zulu-src/src/hotspot/share/memory/arena.cpp:81), pid=14436, tid=14236
#
# JRE version: OpenJDK Runtime Environment 
(Zulu12.3+11-CA) (12.0.2+3) (build 12.0.2+3)
# Java VM: OpenJDK 64-Bit Server VM (12.0.2+3, mixed mode, sharing, tiered, compressed oops, g1 gc, windows-amd64)
# No core dump will be written. Minidumps are not enabled by default on client versions of Windows
#

---------------  S U M M A R Y ------------

Command Line: -Dclassworlds.conf=C:\Program Files\NetBeans-11.1\netbeans\java\maven\bin\m2.conf -Dmaven.home=C:\Program Files\NetBeans-11.1\netbeans\java\maven -Dmaven.multiModuleProjectDirectory=C:\Users\master05\Documents\finalProjects\candidMaster org.codehaus.plexus.classworlds.launcher.Launcher -Dmaven.ext.class.path=C:\Program Files\NetBeans-11.1\netbeans\java\maven-nblib\netbeans-eventspy.jar -Dfile.encoding=UTF-8 install

Host: Intel(R) Core(TM) i7-4765T CPU @ 2.00GHz, 8 cores, 3G,  Windows 10 , 64 bit Build 18362 (10.0.18362.329)
Time: Sat Sep 21 22:25:03 2019 Maroc (heure d?été) elapsed time: 26 seconds (0d 0h 0m 26s)

---------------  T H R E A D  ---------------

Current thread (0x0000016a335d1800):  JavaThread "C2 CompilerThread0" daemon [_thread_in_native, id=14236, stack(0x0000002b3ee00000,0x0000002b3ef00000)]


Current CompileTask:
C2:  26312 4674       4       org.apache.maven.model.interpolation.StringSearchModelInterpolator$InterpolateObjectAction::traverseObjectWithParents (49 bytes)

Stack: [0x0000002b3ee00000,0x0000002b3ef00000]
Native frames: (J=compiled Java code, j=interpreted, Vv=VM code, C=native code)
V  [jvm.dll+0x5f789a]
V  [jvm.dll+0x7a3f3e]
V  [jvm.dll+0x7a56b0]
V  [jvm.dll+0x7a5d13]
V  [jvm.dll+0x24a348]
V  [jvm.dll+0xbe2d6]
V  [jvm.dll+0xbe62c]
V  [jvm.dll+0xbe18d]
V  [jvm.dll+0x5d5f3f]
V  [jvm.dll+0x6297a4]
V  [jvm.dll+0x19ac6c]
V  [jvm.dll+0x2046b2]
V  [jvm.dll+0x2037bf]
V  [jvm.dll+0x18576b]
V  [jvm.dll+0x212673]
V  [jvm.dll+0x210aa0]
V  [jvm.dll+0x767394]
V  [jvm.dll+0x7605d4]
V  [jvm.dll+0x5f6b56]
C  [ucrtbase.dll+0x1d9f2]
C  [KERNEL32.DLL+0x17bd4]
C  [ntdll.dll+0x6cee1]


---------------  P R O C E S S  ---------------

Threads class SMR info:
_java_thread_list=0x0000016a3594fc10, length=11, elements={
0x0000016a14d06000, 0x0000016a335b1800, 0x0000016a335b2800, 0x0000016a335ce000,
0x0000016a335d0800, 0x0000016a335d1800, 0x0000016a335d5000, 0x0000016a335da800,
0x0000016a34080800, 0x0000016a3408d000, 0x0000016a34730800
}

Java Threads: ( => current thread )
  0x0000016a14d06000 JavaThread "main" [_thread_in_native, id=11024, stack(0x0000002b3e300000,0x0000002b3e400000)]
  0x0000016a335b1800 JavaThread "Reference Handler" daemon [_thread_blocked, id=5576, stack(0x0000002b3ea00000,0x0000002b3eb00000)]
  0x0000016a335b2800 JavaThread "Finalizer" daemon [_thread_blocked, id=2800, stack(0x0000002b3eb00000,0x0000002b3ec00000)]
  0x0000016a335ce000 JavaThread "Signal Dispatcher" daemon [_thread_blocked, id=2836, stack(0x0000002b3ec00000,0x0000002b3ed00000)]
  0x0000016a335d0800 JavaThread "Attach Listener" daemon [_thread_blocked, id=4492, stack(0x0000002b3ed00000,0x0000002b3ee00000)]
=>0x0000016a335d1800 JavaThread "C2 CompilerThread0" daemon [_thread_in_native, id=14236, stack(0x0000002b3ee00000,0x0000002b3ef00000)]
  0x0000016a335d5000 JavaThread "C1 CompilerThread0" daemon [_thread_blocked, id=1452, stack(0x0000002b3ef00000,0x0000002b3f000000)]
  0x0000016a335da800 JavaThread "Sweeper thread" daemon [_thread_blocked, id=13696, stack(0x0000002b3f000000,0x0000002b3f100000)]
  0x0000016a34080800 JavaThread "Service Thread" daemon [_thread_blocked, id=9436, stack(0x0000002b3f100000,0x0000002b3f200000)]
  0x0000016a3408d000 JavaThread "Common-Cleaner" daemon [_thread_blocked, id=10092, stack(0x0000002b3f300000,0x0000002b3f400000)]
  0x0000016a34730800 JavaThread "C2 CompilerThread1" daemon [_thread_in_native, id=14312, stack(0x0000002b3f500000,0x0000002b3f600000)]

Other Threads:
  0x0000016a335ae800 VMThread "VM Thread" [stack: 0x0000002b3e900000,0x0000002b3ea00000] [id=16744]
  0x0000016a34081800 WatcherThread [stack: 0x0000002b3f200000,0x0000002b3f300000] [id=6784]
  0x0000016a14d31000 GCTaskThread "GC Thread#0" [stack: 0x0000002b3e400000,0x0000002b3e500000] [id=17036]
  0x0000016a34a46000 GCTaskThread "GC Thread#1" [stack: 0x0000002b3f400000,0x0000002b3f500000] [id=13548]
  0x0000016a14d3a000 ConcurrentGCThread "G1 Main Marker" [stack: 0x0000002b3e500000,0x0000002b3e600000] [id=12488]
  0x0000016a14d3e800 ConcurrentGCThread "G1 Conc#0" [stack: 0x0000002b3e600000,0x0000002b3e700000] [id=14280]
  0x0000016a14dd4000 ConcurrentGCThread "G1 Refine#0" [stack: 0x0000002b3e700000,0x0000002b3e800000] [id=9680]
  0x0000016a14dd5000 ConcurrentGCThread "G1 Young RemSet Sampling" [stack: 0x0000002b3e800000,0x0000002b3e900000] [id=8512]

Threads with active compile tasks:
C2 CompilerThread0  4674       4       org.apache.maven.model.interpolation.StringSearchModelInterpolator$InterpolateObjectAction::traverseObjectWithParents (49 bytes)
C2 CompilerThread1  4693       4       org.codehaus.plexus.classworlds.realm.ClassRealm::loadClass (7 bytes)

VM state:not at safepoint (normal execution)

VM Mutex/Monitor currently owned by a thread: None

Heap address: 0x00000000c1a00000, size: 998 MB, Compressed Oops mode: 32-bit
Narrow klass base: 0x0000000800000000, Narrow klass shift: 3
Compressed class space size: 1073741824 Address: 0x00000008011a0000

Heap:
 garbage-first heap   total 65536K, used 47036K [0x00000000c1a00000, 0x0000000100000000)
  region size 1024K, 38 young (38912K), 4 survivors (4096K)
 Metaspace       used 19771K, capacity 20522K, committed 20736K, reserved 1067008K
  class space    used 2266K, capacity 2556K, committed 2560K, reserved 1048576K
Heap Regions: E=young(eden), S=young(survivor), O=old, HS=humongous(starts), HC=humongous(continues), CS=collection set, F=free, A=archive, TAMS=top-at-mark-start (previous, next)
|   0|0x00000000c1a00000, 0x00000000c1b00000, 0x00000000c1b00000|100%| O|  |TAMS 0x00000000c1a00000, 0x00000000c1a00000| Untracked 
|   1|0x00000000c1b00000, 0x00000000c1c00000, 0x00000000c1c00000|100%| O|  |TAMS 0x00000000c1b00000, 0x00000000c1b00000| Untracked 
|   2|0x00000000c1c00000, 0x00000000c1d00000, 0x00000000c1d00000|100%| O|  |TAMS 0x00000000c1c00000, 0x00000000c1c00000| Untracked 
|   3|0x00000000c1d00000, 0x00000000c1e00000, 0x00000000c1e00000|100%| O|  |TAMS 0x00000000c1d00000, 0x00000000c1d00000| Untracked 
|   4|0x00000000c1e00000, 0x00000000c1f00000, 0x00000000c1f00000|100%| O|  |TAMS 0x00000000c1e00000, 0x00000000c1e00000| Untracked 
|   5|0x00000000c1f00000, 0x00000000c2000000, 0x00000000c2000000|100%| O|  |TAMS 0x00000000c1f00000, 0x00000000c1f00000| Untracked 
|   6|0x00000000c2000000, 0x00000000c2100000, 0x00000000c2100000|100%| O|  |TAMS 0x00000000c2000000, 0x00000000c2000000| Untracked 
|   7|0x00000000c2100000, 0x00000000c2200000, 0x00000000c2200000|100%| O|  |TAMS 0x00000000c2100000, 0x00000000c2100000| Untracked 
|   8|0x00000000c2200000, 0x00000000c2300000, 0x00000000c2300000|100%| O|  |TAMS 0x00000000c2200000, 0x00000000c2200000| Untracked 
|   9|0x00000000c2300000, 0x00000000c2335a00, 0x00000000c2400000| 20%| O|  |TAMS 0x00000000c2300000, 0x00000000c2300000| Untracked 
|  10|0x00000000c2400000, 0x00000000c2400000, 0x00000000c2500000|  0%| F|  |TAMS 0x00000000c2400000, 0x00000000c2400000| Untracked 
|  11|0x00000000c2500000, 0x00000000c2500000, 0x00000000c2600000|  0%| F|  |TAMS 0x00000000c2500000, 0x00000000c2500000| Untracked 
|  12|0x00000000c2600000, 0x00000000c2600000, 0x00000000c2700000|  0%| F|  |TAMS 0x00000000c2600000, 0x00000000c2600000| Untracked 
|  13|0x00000000c2700000, 0x00000000c2700000, 0x00000000c2800000|  0%| F|  |TAMS 0x00000000c2700000, 0x00000000c2700000| Untracked 
|  14|0x00000000c2800000, 0x00000000c2800000, 0x00000000c2900000|  0%| F|  |TAMS 0x00000000c2800000, 0x00000000c2800000| Untracked 
|  15|0x00000000c2900000, 0x00000000c2900000, 0x00000000c2a00000|  0%| F|  |TAMS 0x00000000c2900000, 0x00000000c2900000| Untracked 
|  16|0x00000000c2a00000, 0x00000000c2a00000, 0x00000000c2b00000|  0%| F|  |TAMS 0x00000000c2a00000, 0x00000000c2a00000| Untracked 
|  17|0x00000000c2b00000, 0x00000000c2b00000, 0x00000000c2c00000|  0%| F|  |TAMS 0x00000000c2b00000, 0x00000000c2b00000| Untracked 
|  18|0x00000000c2c00000, 0x00000000c2c00000, 0x00000000c2d00000|  0%| F|  |TAMS 0x00000000c2c00000, 0x00000000c2c00000| Untracked 
|  19|0x00000000c2d00000, 0x00000000c2d00000, 0x00000000c2e00000|  0%| F|  |TAMS 0x00000000c2d00000, 0x00000000c2d00000| Untracked 
|  20|0x00000000c2e00000, 0x00000000c2e00000, 0x00000000c2f00000|  0%| F|  |TAMS 0x00000000c2e00000, 0x00000000c2e00000| Untracked 
|  21|0x00000000c2f00000, 0x00000000c2f00000, 0x00000000c3000000|  0%| F|  |TAMS 0x00000000c2f00000, 0x00000000c2f00000| Untracked 
|  22|0x00000000c3000000, 0x00000000c3000000, 0x00000000c3100000|  0%| F|  |TAMS 0x00000000c3000000, 0x00000000c3000000| Untracked 
|  23|0x00000000c3100000, 0x00000000c31b9610, 0x00000000c3200000| 72%| S|CS|TAMS 0x00000000c3100000, 0x00000000c3100000| Complete 
|  24|0x00000000c3200000, 0x00000000c3300000, 0x00000000c3300000|100%| S|CS|TAMS 0x00000000c3200000, 0x00000000c3200000| Complete 
|  25|0x00000000c3300000, 0x00000000c3400000, 0x00000000c3400000|100%| S|CS|TAMS 0x00000000c3300000, 0x00000000c3300000| Complete 
|  26|0x00000000c3400000, 0x00000000c3400000, 0x00000000c3500000|  0%| F|  |TAMS 0x00000000c3400000, 0x00000000c3400000| Untracked 
|  27|0x00000000c3500000, 0x00000000c3500000, 0x00000000c3600000|  0%| F|  |TAMS 0x00000000c3500000, 0x00000000c3500000| Untracked 
|  28|0x00000000c3600000, 0x00000000c3600000, 0x00000000c3700000|  0%| F|  |TAMS 0x00000000c3600000, 0x00000000c3600000| Untracked 
|  29|0x00000000c3700000, 0x00000000c3800000, 0x00000000c3800000|100%| S|CS|TAMS 0x00000000c3700000, 0x00000000c3700000| Complete 
|  30|0x00000000c3800000, 0x00000000c3900000, 0x00000000c3900000|100%| E|  |TAMS 0x00000000c3800000, 0x00000000c3800000| Complete 
|  31|0x00000000c3900000, 0x00000000c3a00000, 0x00000000c3a00000|100%| E|CS|TAMS 0x00000000c3900000, 0x00000000c3900000| Complete 
|  32|0x00000000c3a00000, 0x00000000c3b00000, 0x00000000c3b00000|100%| E|CS|TAMS 0x00000000c3a00000, 0x00000000c3a00000| Complete 
|  33|0x00000000c3b00000, 0x00000000c3c00000, 0x00000000c3c00000|100%| E|CS|TAMS 0x00000000c3b00000, 0x00000000c3b00000| Complete 
|  34|0x00000000c3c00000, 0x00000000c3d00000, 0x00000000c3d00000|100%| E|CS|TAMS 0x00000000c3c00000, 0x00000000c3c00000| Complete 
|  35|0x00000000c3d00000, 0x00000000c3e00000, 0x00000000c3e00000|100%| E|CS|TAMS 0x00000000c3d00000, 0x00000000c3d00000| Complete 
|  36|0x00000000c3e00000, 0x00000000c3f00000, 0x00000000c3f00000|100%| E|CS|TAMS 0x00000000c3e00000, 0x00000000c3e00000| Complete 
|  37|0x00000000c3f00000, 0x00000000c4000000, 0x00000000c4000000|100%| E|CS|TAMS 0x00000000c3f00000, 0x00000000c3f00000| Complete 
|  38|0x00000000c4000000, 0x00000000c4100000, 0x00000000c4100000|100%| E|CS|TAMS 0x00000000c4000000, 0x00000000c4000000| Complete 
|  39|0x00000000c4100000, 0x00000000c4200000, 0x00000000c4200000|100%| E|CS|TAMS 0x00000000c4100000, 0x00000000c4100000| Complete 
|  40|0x00000000c4200000, 0x00000000c4300000, 0x00000000c4300000|100%| E|CS|TAMS 0x00000000c4200000, 0x00000000c4200000| Complete 
|  41|0x00000000c4300000, 0x00000000c4400000, 0x00000000c4400000|100%| E|CS|TAMS 0x00000000c4300000, 0x00000000c4300000| Complete 
|  42|0x00000000c4400000, 0x00000000c4500000, 0x00000000c4500000|100%| E|CS|TAMS 0x00000000c4400000, 0x00000000c4400000| Complete 
|  43|0x00000000c4500000, 0x00000000c4600000, 0x00000000c4600000|100%| E|CS|TAMS 0x00000000c4500000, 0x00000000c4500000| Complete 
|  44|0x00000000c4600000, 0x00000000c4700000, 0x00000000c4700000|100%| E|CS|TAMS 0x00000000c4600000, 0x00000000c4600000| Complete 
|  45|0x00000000c4700000, 0x00000000c4800000, 0x00000000c4800000|100%| E|CS|TAMS 0x00000000c4700000, 0x00000000c4700000| Complete 
|  46|0x00000000c4800000, 0x00000000c4900000, 0x00000000c4900000|100%| E|CS|TAMS 0x00000000c4800000, 0x00000000c4800000| Complete 
|  47|0x00000000c4900000, 0x00000000c4a00000, 0x00000000c4a00000|100%| E|CS|TAMS 0x00000000c4900000, 0x00000000c4900000| Complete 
|  48|0x00000000c4a00000, 0x00000000c4b00000, 0x00000000c4b00000|100%| E|CS|TAMS 0x00000000c4a00000, 0x00000000c4a00000| Complete 
|  49|0x00000000c4b00000, 0x00000000c4c00000, 0x00000000c4c00000|100%| E|CS|TAMS 0x00000000c4b00000, 0x00000000c4b00000| Complete 
|  50|0x00000000c4c00000, 0x00000000c4d00000, 0x00000000c4d00000|100%| E|CS|TAMS 0x00000000c4c00000, 0x00000000c4c00000| Complete 
|  51|0x00000000c4d00000, 0x00000000c4e00000, 0x00000000c4e00000|100%| E|CS|TAMS 0x00000000c4d00000, 0x00000000c4d00000| Complete 
|  52|0x00000000c4e00000, 0x00000000c4f00000, 0x00000000c4f00000|100%| E|CS|TAMS 0x00000000c4e00000, 0x00000000c4e00000| Complete 
|  53|0x00000000c4f00000, 0x00000000c5000000, 0x00000000c5000000|100%| E|CS|TAMS 0x00000000c4f00000, 0x00000000c4f00000| Complete 
|  54|0x00000000c5000000, 0x00000000c5100000, 0x00000000c5100000|100%| E|CS|TAMS 0x00000000c5000000, 0x00000000c5000000| Complete 
|  55|0x00000000c5100000, 0x00000000c5200000, 0x00000000c5200000|100%| E|CS|TAMS 0x00000000c5100000, 0x00000000c5100000| Complete 
|  56|0x00000000c5200000, 0x00000000c5300000, 0x00000000c5300000|100%| E|CS|TAMS 0x00000000c5200000, 0x00000000c5200000| Complete 
|  57|0x00000000c5300000, 0x00000000c5400000, 0x00000000c5400000|100%| E|CS|TAMS 0x00000000c5300000, 0x00000000c5300000| Complete 
|  58|0x00000000c5400000, 0x00000000c5500000, 0x00000000c5500000|100%| E|CS|TAMS 0x00000000c5400000, 0x00000000c5400000| Complete 
|  59|0x00000000c5500000, 0x00000000c5600000, 0x00000000c5600000|100%| E|CS|TAMS 0x00000000c5500000, 0x00000000c5500000| Complete 
|  60|0x00000000c5600000, 0x00000000c5700000, 0x00000000c5700000|100%| E|CS|TAMS 0x00000000c5600000, 0x00000000c5600000| Complete 
|  61|0x00000000c5700000, 0x00000000c5800000, 0x00000000c5800000|100%| E|CS|TAMS 0x00000000c5700000, 0x00000000c5700000| Complete 
|  62|0x00000000c5800000, 0x00000000c5900000, 0x00000000c5900000|100%| E|CS|TAMS 0x00000000c5800000, 0x00000000c5800000| Complete 
|  63|0x00000000c5900000, 0x00000000c5a00000, 0x00000000c5a00000|100%| E|CS|TAMS 0x00000000c5900000, 0x00000000c5900000| Complete 

Card table byte_map: [0x0000016a2e870000,0x0000016a2ea70000] _byte_map_base: 0x0000016a2e263000

Marking Bits (Prev, Next): (CMBitMap*) 0x0000016a14d332f8, (CMBitMap*) 0x0000016a14d33338
 Prev Bits: [0x0000016a2ec70000, 0x0000016a2fc08000)
 Next Bits: [0x0000016a2fc10000, 0x0000016a30ba8000)

Polling page: 0x0000016a14de0000

Metaspace:

Usage:
  Non-class:     17.54 MB capacity,    17.09 MB ( 97%) used,   429.84 KB (  2%) free+waste,    31.44 KB ( <1%) overhead. 
      Class:      2.50 MB capacity,     2.21 MB ( 89%) used,   274.51 KB ( 11%) free+waste,    14.75 KB ( <1%) overhead. 
       Both:     20.04 MB capacity,    19.31 MB ( 96%) used,   704.34 KB (  3%) free+waste,    46.19 KB ( <1%) overhead. 

Virtual space:
  Non-class space:       18.00 MB reserved,      17.75 MB ( 99%) committed 
      Class space:        1.00 GB reserved,       2.50 MB ( <1%) committed 
             Both:        1.02 GB reserved,      20.25 MB (  2%) committed 

Chunk freelists:
   Non-Class:  2.25 KB
       Class:  512 bytes
        Both:  2.75 KB

CodeHeap 'non-profiled nmethods': size=120000Kb used=2409Kb max_used=2409Kb free=117590Kb
 bounds [0x0000016a266d0000, 0x0000016a26940000, 0x0000016a2dc00000]
CodeHeap 'profiled nmethods': size=120000Kb used=11263Kb max_used=11263Kb free=108736Kb
 bounds [0x0000016a1f1a0000, 0x0000016a1fca0000, 0x0000016a266d0000]
CodeHeap 'non-nmethods': size=5760Kb used=1169Kb max_used=1208Kb free=4590Kb
 bounds [0x0000016a1ec00000, 0x0000016a1ee70000, 0x0000016a1f1a0000]
 total_blobs=6123 nmethods=4655 adapters=408
 compilation: enabled
              stopped_count=0, restarted_count=0
 full_count=0

Compilation events (10 events):
Event: 26.171 Thread 0x0000016a335d5000 4696       1       sun.reflect.generics.reflectiveObjects.TypeVariableImpl::getName (5 bytes)
Event: 26.171 Thread 0x0000016a335d5000 nmethod 4696 0x0000016a26927a90 code [0x0000016a26927c40, 0x0000016a26927d78]
Event: 26.171 Thread 0x0000016a335d5000 4698       3       sun.reflect.generics.parser.SignatureParser::parseZeroOrMoreTypeSignatures (174 bytes)
Event: 26.173 Thread 0x0000016a335d5000 nmethod 4698 0x0000016a1fc9d890 code [0x0000016a1fc9db20, 0x0000016a1fc9ec50]
Event: 26.173 Thread 0x0000016a335d5000 4697       3       sun.reflect.generics.parser.SignatureParser::parseFormalParameters (47 bytes)
Event: 26.173 Thread 0x0000016a335d5000 nmethod 4697 0x0000016a1fc9f090 code [0x0000016a1fc9f2c0, 0x0000016a1fc9f670]
Event: 26.173 Thread 0x0000016a335d5000 4699       3       sun.reflect.generics.tree.MethodTypeSignature::make (12 bytes)
Event: 26.174 Thread 0x0000016a335d5000 nmethod 4699 0x0000016a1fc9f810 code [0x0000016a1fc9f9e0, 0x0000016a1fc9fdb8]
Event: 26.217 Thread 0x0000016a34730800 nmethod 4675 0x0000016a26927e10 code [0x0000016a26928120, 0x0000016a26929658]
Event: 26.217 Thread 0x0000016a34730800 4693       4       org.codehaus.plexus.classworlds.realm.ClassRealm::loadClass (7 bytes)

GC Heap History (10 events):
Event: 3.916 GC heap before
{Heap before GC invocations=1 (full 0):
 garbage-first heap   total 65536K, used 39161K [0x00000000c1a00000, 0x0000000100000000)
  region size 1024K, 38 young (38912K), 3 survivors (3072K)
 Metaspace       used 10513K, capacity 12580K, committed 12928K, reserved 1060864K
  class space    used 1306K, capacity 1559K, committed 1664K, reserved 1048576K
}
Event: 3.936 GC heap after
{Heap after GC invocations=2 (full 0):
 garbage-first heap   total 65536K, used 5447K [0x00000000c1a00000, 0x0000000100000000)
  region size 1024K, 3 young (3072K), 3 survivors (3072K)
 Metaspace       used 10513K, capacity 12580K, committed 12928K, reserved 1060864K
  class space    used 1306K, capacity 1559K, committed 1664K, reserved 1048576K
}
Event: 5.430 GC heap before
{Heap before GC invocations=2 (full 0):
 garbage-first heap   total 65536K, used 41287K [0x00000000c1a00000, 0x0000000100000000)
  region size 1024K, 38 young (38912K), 3 survivors (3072K)
 Metaspace       used 12652K, capacity 14433K, committed 14592K, reserved 1062912K
  class space    used 1489K, capacity 1729K, committed 1792K, reserved 1048576K
}
Event: 5.443 GC heap after
{Heap after GC invocations=3 (full 0):
 garbage-first heap   total 65536K, used 7697K [0x00000000c1a00000, 0x0000000100000000)
  region size 1024K, 5 young (5120K), 5 survivors (5120K)
 Metaspace       used 12652K, capacity 14433K, committed 14592K, reserved 1062912K
  class space    used 1489K, capacity 1729K, committed 1792K, reserved 1048576K
}
Event: 7.507 GC heap before
{Heap before GC invocations=3 (full 0):
 garbage-first heap   total 65536K, used 41489K [0x00000000c1a00000, 0x0000000100000000)
  region size 1024K, 38 young (38912K), 5 survivors (5120K)
 Metaspace       used 13103K, capacity 14818K, committed 15104K, reserved 1062912K
  class space    used 1494K, capacity 1729K, committed 1792K, reserved 1048576K
}
Event: 7.524 GC heap after
{Heap after GC invocations=4 (full 0):
 garbage-first heap   total 65536K, used 9737K [0x00000000c1a00000, 0x0000000100000000)
  region size 1024K, 5 young (5120K), 5 survivors (5120K)
 Metaspace       used 13103K, capacity 14818K, committed 15104K, reserved 1062912K
  class space    used 1494K, capacity 1729K, committed 1792K, reserved 1048576K
}
Event: 8.630 GC heap before
{Heap before GC invocations=4 (full 0):
 garbage-first heap   total 65536K, used 43529K [0x00000000c1a00000, 0x0000000100000000)
  region size 1024K, 38 young (38912K), 5 survivors (5120K)
 Metaspace       used 15199K, capacity 16742K, committed 17024K, reserved 1064960K
  class space    used 1792K, capacity 2072K, committed 2176K, reserved 1048576K
}
Event: 8.652 GC heap after
{Heap after GC invocations=5 (full 0):
 garbage-first heap   total 65536K, used 11682K [0x00000000c1a00000, 0x0000000100000000)
  region size 1024K, 4 young (4096K), 4 survivors (4096K)
 Metaspace       used 15199K, capacity 16742K, committed 17024K, reserved 1064960K
  class space    used 1792K, capacity 2072K, committed 2176K, reserved 1048576K
}
Event: 14.686 GC heap before
{Heap before GC invocations=5 (full 0):
 garbage-first heap   total 65536K, used 46498K [0x00000000c1a00000, 0x0000000100000000)
  region size 1024K, 38 young (38912K), 4 survivors (4096K)
 Metaspace       used 16387K, capacity 17930K, committed 18176K, reserved 1064960K
  class space    used 1880K, capacity 2189K, committed 2304K, reserved 1048576K
}
Event: 14.696 GC heap after
{Heap after GC invocations=6 (full 0):
 garbage-first heap   total 65536K, used 13244K [0x00000000c1a00000, 0x0000000100000000)
  region size 1024K, 4 young (4096K), 4 survivors (4096K)
 Metaspace       used 16387K, capacity 17930K, committed 18176K, reserved 1064960K
  class space    used 1880K, capacity 2189K, committed 2304K, reserved 1048576K
}

Deoptimization events (10 events):
Event: 19.467 Thread 0x0000016a14d06000 Uncommon trap: reason=unstable_if action=reinterpret pc=0x0000016a268f18ec method=org.codehaus.plexus.util.SelectorUtils.matchAntPathPattern([Ljava/lang/String;[Ljava/lang/String;Z)Z @ 27 c2
Event: 25.995 Thread 0x0000016a14d06000 Uncommon trap: reason=class_check action=maybe_recompile pc=0x0000016a2682dd4c method=java.util.Hashtable.get(Ljava/lang/Object;)Ljava/lang/Object; @ 6 c2
Event: 25.995 Thread 0x0000016a14d06000 Uncommon trap: reason=class_check action=maybe_recompile pc=0x0000016a2682dd4c method=java.util.Hashtable.get(Ljava/lang/Object;)Ljava/lang/Object; @ 6 c2
Event: 25.995 Thread 0x0000016a14d06000 Uncommon trap: reason=class_check action=maybe_recompile pc=0x0000016a2682dd4c method=java.util.Hashtable.get(Ljava/lang/Object;)Ljava/lang/Object; @ 6 c2
Event: 25.995 Thread 0x0000016a14d06000 Uncommon trap: reason=class_check action=maybe_recompile pc=0x0000016a2682dd4c method=java.util.Hashtable.get(Ljava/lang/Object;)Ljava/lang/Object; @ 6 c2
Event: 26.054 Thread 0x0000016a14d06000 Uncommon trap: reason=class_check action=make_not_entrant pc=0x0000016a2690a9ec method=java.util.ArrayList.toArray([Ljava/lang/Object;)[Ljava/lang/Object; @ 21 c2
Event: 26.058 Thread 0x0000016a14d06000 Uncommon trap: reason=profile_predicate action=maybe_recompile pc=0x0000016a26908ee0 method=java.util.regex.Pattern$Slice.match(Ljava/util/regex/Matcher;ILjava/lang/CharSequence;)Z @ 18 c2
Event: 26.059 Thread 0x0000016a14d06000 Uncommon trap: reason=profile_predicate action=maybe_recompile pc=0x0000016a26908ee0 method=java.util.regex.Pattern$Slice.match(Ljava/util/regex/Matcher;ILjava/lang/CharSequence;)Z @ 18 c2
Event: 26.059 Thread 0x0000016a14d06000 Uncommon trap: reason=profile_predicate action=maybe_recompile pc=0x0000016a26908ee0 method=java.util.regex.Pattern$Slice.match(Ljava/util/regex/Matcher;ILjava/lang/CharSequence;)Z @ 18 c2
Event: 26.059 Thread 0x0000016a14d06000 Uncommon trap: reason=profile_predicate action=maybe_recompile pc=0x0000016a26908ee0 method=java.util.regex.Pattern$Slice.match(Ljava/util/regex/Matcher;ILjava/lang/CharSequence;)Z @ 18 c2

Classes redefined (0 events):
No events

Internal exceptions (10 events):
Event: 4.081 Thread 0x0000016a14d06000 Implicit null exception at 0x0000016a2677251d to 0x0000016a26772606
Event: 4.421 Thread 0x0000016a14d06000 Implicit null exception at 0x0000016a26733b85 to 0x0000016a26733d6e
Event: 4.421 Thread 0x0000016a14d06000 Implicit null exception at 0x0000016a2675c2cf to 0x0000016a2675c34d
Event: 8.466 Thread 0x0000016a14d06000 Exception <a 'java/lang/NoClassDefFoundError'{0x00000000c3f75fe0}: org/codehaus/plexus/util/interpolation/ValueSource> (0x00000000c3f75fe0) thrown at [c:/jenkins/workspace/zulu12-build-win64/zulu-src/src/hotspot/share/classfile/systemDictionary.cpp, line 
Event: 8.526 Thread 0x0000016a14d06000 Exception <a 'java/lang/NoClassDefFoundError'{0x00000000c3c6cf28}: org/sonatype/aether/version/VersionConstraint> (0x00000000c3c6cf28) thrown at [c:/jenkins/workspace/zulu12-build-win64/zulu-src/src/hotspot/share/classfile/systemDictionary.cpp, line 224]
Event: 15.750 Thread 0x0000016a14d06000 Exception <a 'java/lang/ClassNotFoundException'{0x00000000c4cd4db8}: sun/awt/resources/spi/awtProvider> (0x00000000c4cd4db8) thrown at [c:/jenkins/workspace/zulu12-build-win64/zulu-src/src/hotspot/share/classfile/systemDictionary.cpp, line 235]
Event: 15.804 Thread 0x0000016a14d06000 Exception <a 'java/io/FileNotFoundException'{0x00000000c4b07c20}> (0x00000000c4b07c20) thrown at [c:/jenkins/workspace/zulu12-build-win64/zulu-src/src/hotspot/share/prims/jni.cpp, line 615]
Event: 15.805 Thread 0x0000016a14d06000 Exception <a 'java/io/FileNotFoundException'{0x00000000c4b099c8}> (0x00000000c4b099c8) thrown at [c:/jenkins/workspace/zulu12-build-win64/zulu-src/src/hotspot/share/prims/jni.cpp, line 615]
Event: 15.822 Thread 0x0000016a14d06000 Implicit null exception at 0x0000016a2673adcb to 0x0000016a2673b4a2
Event: 19.464 Thread 0x0000016a14d06000 Implicit null exception at 0x0000016a268f79b7 to 0x0000016a268fc526

Events (10 events):
Event: 26.167 loading class org/apache/maven/plugin/Mojo
Event: 26.167 loading class org/apache/maven/plugin/Mojo done
Event: 26.167 loading class org/apache/maven/plugin/install/HelpMojo
Event: 26.167 loading class org/apache/maven/plugin/install/HelpMojo done
Event: 26.167 loading class org/apache/maven/plugin/install/HelpMojo
Event: 26.167 loading class org/apache/maven/plugin/install/HelpMojo done
Event: 26.167 loading class org/apache/maven/plugin/install/HelpMojo
Event: 26.167 loading class org/apache/maven/plugin/install/HelpMojo done
Event: 26.167 loading class org/apache/maven/plugin/install/HelpMojo
Event: 26.167 loading class org/apache/maven/plugin/install/HelpMojo done


Dynamic libraries:
0x00007ff7170b0000 - 0x00007ff7170bd000 	C:\Program Files\Zulu\zulu-12\bin\java.exe
0x00007ffbf1ae0000 - 0x00007ffbf1cd0000 	C:\WINDOWS\SYSTEM32\ntdll.dll
0x00007ffbf03c0000 - 0x00007ffbf0472000 	C:\WINDOWS\System32\KERNEL32.DLL
0x00007ffbeedb0000 - 0x00007ffbef053000 	C:\WINDOWS\System32\KERNELBASE.dll
0x00007ffbeea70000 - 0x00007ffbeeb6a000 	C:\WINDOWS\System32\ucrtbase.dll
0x00007ffbeb2d0000 - 0x00007ffbeb2e5000 	C:\Program Files\Zulu\zulu-12\bin\VCRUNTIME140.dll
0x00007ffbde740000 - 0x00007ffbde757000 	C:\Program Files\Zulu\zulu-12\bin\jli.dll
0x00007ffbf1500000 - 0x00007ffbf1693000 	C:\WINDOWS\System32\USER32.dll
0x00007ffbdf940000 - 0x00007ffbdfbc5000 	C:\WINDOWS\WinSxS\amd64_microsoft.windows.common-controls_6595b64144ccf1df_6.0.18362.356_none_e6c4af7d130f27cc\COMCTL32.dll
0x00007ffbef8f0000 - 0x00007ffbef911000 	C:\WINDOWS\System32\win32u.dll
0x00007ffbf01e0000 - 0x00007ffbf027e000 	C:\WINDOWS\System32\msvcrt.dll
0x00007ffbf1a70000 - 0x00007ffbf1a96000 	C:\WINDOWS\System32\GDI32.dll
0x00007ffbeeb70000 - 0x00007ffbeed04000 	C:\WINDOWS\System32\gdi32full.dll
0x00007ffbefde0000 - 0x00007ffbf0116000 	C:\WINDOWS\System32\combase.dll
0x00007ffbefaa0000 - 0x00007ffbefb3e000 	C:\WINDOWS\System32\msvcp_win.dll
0x00007ffbf16a0000 - 0x00007ffbf17c0000 	C:\WINDOWS\System32\RPCRT4.dll
0x00007ffbeed30000 - 0x00007ffbeedb0000 	C:\WINDOWS\System32\bcryptPrimitives.dll
0x00007ffbf07c0000 - 0x00007ffbf07ee000 	C:\WINDOWS\System32\IMM32.DLL
0x00007ffbb98f0000 - 0x00007ffbb998b000 	C:\Program Files\Zulu\zulu-12\bin\msvcp140.dll
0x00007ffb8df30000 - 0x00007ffb8eada000 	C:\Program Files\Zulu\zulu-12\bin\server\jvm.dll
0x00007ffbf0120000 - 0x00007ffbf01c3000 	C:\WINDOWS\System32\ADVAPI32.dll
0x00007ffbf17c0000 - 0x00007ffbf1857000 	C:\WINDOWS\System32\sechost.dll
0x00007ffbf01d0000 - 0x00007ffbf01d8000 	C:\WINDOWS\System32\PSAPI.DLL
0x00007ffbde520000 - 0x00007ffbde529000 	C:\WINDOWS\SYSTEM32\WSOCK32.dll
0x00007ffbeaee0000 - 0x00007ffbeaf04000 	C:\WINDOWS\SYSTEM32\WINMM.dll
0x00007ffbe9420000 - 0x00007ffbe942a000 	C:\WINDOWS\SYSTEM32\VERSION.dll
0x00007ffbeaeb0000 - 0x00007ffbeaedd000 	C:\WINDOWS\SYSTEM32\winmmbase.dll
0x00007ffbefb40000 - 0x00007ffbefb8a000 	C:\WINDOWS\System32\cfgmgr32.dll
0x00007ffbf0350000 - 0x00007ffbf03bf000 	C:\WINDOWS\System32\WS2_32.dll
0x00007ffbee9c0000 - 0x00007ffbee9d1000 	C:\WINDOWS\System32\kernel.appcore.dll
0x00007ffbeb2c0000 - 0x00007ffbeb2d0000 	C:\Program Files\Zulu\zulu-12\bin\verify.dll
0x00007ffbde8a0000 - 0x00007ffbdea94000 	C:\WINDOWS\SYSTEM32\DBGHELP.DLL
0x00007ffbde870000 - 0x00007ffbde89a000 	C:\WINDOWS\SYSTEM32\dbgcore.DLL
0x00007ffbe97e0000 - 0x00007ffbe9806000 	C:\Program Files\Zulu\zulu-12\bin\java.dll
0x00007ffbd3e70000 - 0x00007ffbd3e87000 	C:\Program Files\Zulu\zulu-12\bin\zip.dll
0x00007ffbea7d0000 - 0x00007ffbea7da000 	C:\Program Files\Zulu\zulu-12\bin\jimage.dll
0x00007ffbf0e10000 - 0x00007ffbf14f5000 	C:\WINDOWS\System32\SHELL32.dll
0x00007ffbf0480000 - 0x00007ffbf0529000 	C:\WINDOWS\System32\shcore.dll
0x00007ffbef170000 - 0x00007ffbef8ee000 	C:\WINDOWS\System32\windows.storage.dll
0x00007ffbeea50000 - 0x00007ffbeea6f000 	C:\WINDOWS\System32\profapi.dll
0x00007ffbee9e0000 - 0x00007ffbeea2a000 	C:\WINDOWS\System32\powrprof.dll
0x00007ffbee9b0000 - 0x00007ffbee9c0000 	C:\WINDOWS\System32\UMPDC.dll
0x00007ffbf1a10000 - 0x00007ffbf1a62000 	C:\WINDOWS\System32\shlwapi.dll
0x00007ffbeed10000 - 0x00007ffbeed27000 	C:\WINDOWS\System32\cryptsp.dll
0x00007ffbd3e50000 - 0x00007ffbd3e69000 	C:\Program Files\Zulu\zulu-12\bin\net.dll
0x00007ffbe2520000 - 0x00007ffbe2610000 	C:\WINDOWS\SYSTEM32\WINHTTP.dll
0x00007ffbe04d0000 - 0x00007ffbe06a6000 	C:\WINDOWS\SYSTEM32\urlmon.dll
0x00007ffbe0d50000 - 0x00007ffbe0ff6000 	C:\WINDOWS\SYSTEM32\iertutil.dll
0x00007ffbee2f0000 - 0x00007ffbee2fc000 	C:\WINDOWS\SYSTEM32\CRYPTBASE.DLL
0x00007ffbee170000 - 0x00007ffbee1d7000 	C:\WINDOWS\system32\mswsock.dll
0x00007ffbd2240000 - 0x00007ffbd2253000 	C:\Program Files\Zulu\zulu-12\bin\nio.dll
0x00007ffb97730000 - 0x00007ffb978c9000 	C:\Program Files\Zulu\zulu-12\bin\awt.dll
0x00007ffbf0280000 - 0x00007ffbf0344000 	C:\WINDOWS\System32\OLEAUT32.dll
0x00007ffbeb4c0000 - 0x00007ffbeba80000 	C:\WINDOWS\SYSTEM32\d2d1.dll
0x00007ffbec8d0000 - 0x00007ffbec95f000 	C:\WINDOWS\SYSTEM32\apphelp.dll

dbghelp: loaded successfully - version: 4.0.5 - missing functions: none
symbol engine: initialized successfully - sym options: 0x614 - pdb path: .;C:\Program Files\Zulu\zulu-12\bin;C:\WINDOWS\SYSTEM32;C:\WINDOWS\WinSxS\amd64_microsoft.windows.common-controls_6595b64144ccf1df_6.0.18362.356_none_e6c4af7d130f27cc;C:\Program Files\Zulu\zulu-12\bin\server

VM Arguments:
jvm_args: -Dclassworlds.conf=C:\Program Files\NetBeans-11.1\netbeans\java\maven\bin\m2.conf -Dmaven.home=C:\Program Files\NetBeans-11.1\netbeans\java\maven -Dmaven.multiModuleProjectDirectory=C:\Users\master05\Documents\finalProjects\candidMaster 
java_command: org.codehaus.plexus.classworlds.launcher.Launcher -Dmaven.ext.class.path=C:\Program Files\NetBeans-11.1\netbeans\java\maven-nblib\netbeans-eventspy.jar -Dfile.encoding=UTF-8 install
java_class_path (initial): C:\Program Files\NetBeans-11.1\netbeans\java\maven\boot\plexus-classworlds-2.5.2.jar
Launcher Type: SUN_STANDARD

[Global flags]
     intx CICompilerCount                          = 4                                         {product} {ergonomic}
     uint ConcGCThreads                            = 2                                         {product} {ergonomic}
     uint G1ConcRefinementThreads                  = 8                                         {product} {ergonomic}
   size_t G1HeapRegionSize                         = 1048576                                   {product} {ergonomic}
    uintx GCDrainStackTargetSize                   = 64                                        {product} {ergonomic}
   size_t InitialHeapSize                          = 67108864                                  {product} {ergonomic}
   size_t MarkStackSize                            = 4194304                                   {product} {ergonomic}
   size_t MaxHeapSize                              = 1046478848                                {product} {ergonomic}
   size_t MaxNewSize                               = 627048448                                 {product} {ergonomic}
   size_t MinHeapDeltaBytes                        = 1048576                                   {product} {ergonomic}
    uintx NonNMethodCodeHeapSize                   = 5836300                                {pd product} {ergonomic}
    uintx NonProfiledCodeHeapSize                  = 122910970                              {pd product} {ergonomic}
    uintx ProfiledCodeHeapSize                     = 122910970                              {pd product} {ergonomic}
    uintx ReservedCodeCacheSize                    = 251658240                              {pd product} {ergonomic}
     bool SegmentedCodeCache                       = true                                      {product} {ergonomic}
     bool UseCompressedClassPointers               = true                                 {lp64_product} {ergonomic}
     bool UseCompressedOops                        = true                                 {lp64_product} {ergonomic}
     bool UseG1GC                                  = true                                      {product} {ergonomic}
     bool UseLargePagesIndividualAllocation        = false                                  {pd product} {ergonomic}

Logging:
Log output configuration:
 #0: stdout all=warning uptime,level,tags
 #1: stderr all=off uptime,level,tags

Environment Variables:
JAVA_HOME=C:\Program Files\Zulu\zulu-12
PATH=C:\Program Files (x86)\Common Files\Oracle\Java\javapath;C:\orant\bin;C:\WINDOWS\system32;C:\WINDOWS;C:\WINDOWS\System32\Wbem;C:\WINDOWS\System32\WindowsPowerShell\v1.0\;C:\orant\jdk\bin;C:\WINDOWS\System32\OpenSSH\;C:\Program Files\PuTTY\;C:\Program Files (x86)\IBM\SPSS\Statistics\24\JRE\bin;C:\oracle_odbc;C:\Program Files\Git\cmd;C:\Program Files\Zulu\zulu-12\bin\;C:\Program Files\Zulu\zulu-11\bin\;C:\Users\master05\AppData\Local\Microsoft\WindowsApps;;C:\Users\master05\AppData\Local\Programs\Microsoft VS Code\bin
USERNAME=master05
OS=Windows_NT
PROCESSOR_IDENTIFIER=Intel64 Family 6 Model 60 Stepping 3, GenuineIntel



---------------  S Y S T E M  ---------------

OS: Windows 10 , 64 bit Build 18362 (10.0.18362.329)

CPU:total 8 (initial active 8) (4 cores per cpu, 2 threads per core) family 6 model 60 stepping 3, cmov, cx8, fxsr, mmx, sse, sse2, sse3, ssse3, sse4.1, sse4.2, popcnt, avx, avx2, aes, clmul, erms, lzcnt, ht, tsc, tscinvbit, bmi1, bmi2, fma

Memory: 4k page, system-wide physical 3986M (519M free)
TotalPageFile size 15787M (AvailPageFile size 0M)
current process WorkingSet (physical memory assigned to process): 144M, peak: 159M
current process commit charge ("private bytes"): 201M, peak: 210M

vm_info: OpenJDK 64-Bit Server VM (12.0.2+3) for windows-amd64 JRE (Zulu12.3+11-CA) (12.0.2+3), built on Jul 11 2019 08:39:41 by "zulu_re" with MS VC++ 15.9 (VS2017)

END.
