#
# There is insufficient memory for the Java Runtime Environment to continue.
# Native memory allocation (mmap) failed to map 67108864 bytes for Failed to commit area from 0x00000000c1a00000 to 0x00000000c5a00000 of length 67108864.
# Possible reasons:
#   The system is out of physical RAM or swap space
#   The process is running with CompressedOops enabled, and the Java Heap may be blocking the growth of the native heap
# Possible solutions:
#   Reduce memory load on the system
#   Increase physical memory or swap space
#   Check if swap backing store is full
#   Decrease Java heap size (-Xmx/-Xms)
#   Decrease number of Java threads
#   Decrease Java thread stack sizes (-Xss)
#   Set larger code cache with -XX:ReservedCodeCacheSize=
# This output file may be truncated or incomplete.
#
#  Out of Memory Error (c:/jenkins/workspace/zulu12-build-win64/zulu-src/src/hotspot/os/windows/os_windows.cpp:3264), pid=16032, tid=17392
#
# JRE version:  
(12.0.2+3) (build )
# Java VM: OpenJDK 64-Bit Server VM (12.0.2+3, mixed mode, aot, sharing, tiered, compressed oops, g1 gc, windows-amd64)
# No core dump will be written. Minidumps are not enabled by default on client versions of Windows
#

---------------  S U M M A R Y ------------

Command Line: -Dclassworlds.conf=C:\Program Files\NetBeans-11.1\netbeans\java\maven\bin\m2.conf -Dmaven.home=C:\Program Files\NetBeans-11.1\netbeans\java\maven -Dmaven.multiModuleProjectDirectory=C:\Users\master05\Documents\finalProjects\candidMaster org.codehaus.plexus.classworlds.launcher.Launcher -Dnetbeans.deploy=true -Dmaven.ext.class.path=C:\Program Files\NetBeans-11.1\netbeans\java\maven-nblib\netbeans-eventspy.jar -Dfile.encoding=UTF-8 package

Host: Intel(R) Core(TM) i7-4765T CPU @ 2.00GHz, 8 cores, 3G,  Windows 10 , 64 bit Build 18362 (10.0.18362.329)
Time: Sat Sep 21 18:42:37 2019 Maroc (heure d?été) elapsed time: 0 seconds (0d 0h 0m 0s)

---------------  T H R E A D  ---------------

Current thread (0x0000022aee759000):  JavaThread "Unknown thread" [_thread_in_vm, id=17392, stack(0x000000bfcd100000,0x000000bfcd200000)]

Stack: [0x000000bfcd100000,0x000000bfcd200000]
Native frames: (J=compiled Java code, j=interpreted, Vv=VM code, C=native code)
V  [jvm.dll+0x5f789a]
V  [jvm.dll+0x7a3f3e]
V  [jvm.dll+0x7a56b0]
V  [jvm.dll+0x7a5d13]
V  [jvm.dll+0x24a348]
V  [jvm.dll+0x5f4eea]
V  [jvm.dll+0x5e9d25]
V  [jvm.dll+0x30389c]
V  [jvm.dll+0x3036d2]
V  [jvm.dll+0x308816]
V  [jvm.dll+0x34d9c6]
V  [jvm.dll+0x34d1a0]
V  [jvm.dll+0x2df53a]
V  [jvm.dll+0x2e07b2]
V  [jvm.dll+0x77cf57]
V  [jvm.dll+0x77e715]
V  [jvm.dll+0x35b7c9]
V  [jvm.dll+0x761843]
V  [jvm.dll+0x3c592f]
V  [jvm.dll+0x3c8001]
C  [jli.dll+0x51fb]
C  [ucrtbase.dll+0x1d9f2]
C  [KERNEL32.DLL+0x17bd4]
C  [ntdll.dll+0x6cee1]


---------------  P R O C E S S  ---------------

Threads class SMR info:
_java_thread_list=0x00007ffb8ea38128, length=0, elements={
}

Java Threads: ( => current thread )

Other Threads:
  0x0000022aee784000 GCTaskThread "GC Thread#0" [stack: 0x000000bfcd200000,0x000000bfcd300000] [id=17364]
  0x0000022aee78c800 ConcurrentGCThread "G1 Main Marker" [stack: 0x000000bfcd300000,0x000000bfcd400000] [id=8228]
  0x0000022aee78f800 ConcurrentGCThread "G1 Conc#0" [stack: 0x000000bfcd400000,0x000000bfcd500000] [id=12788]

[error occurred during error reporting (printing all threads), id 0xc0000005, EXCEPTION_ACCESS_VIOLATION (0xc0000005) at pc=0x00007ffb8e21f337]

VM state:not at safepoint (not fully initialized)

VM Mutex/Monitor currently owned by a thread:  ([mutex/lock_event])
[0x0000022aee755ae0] Heap_lock - owner thread: 0x0000022aee759000

Heap address: 0x00000000c1a00000, size: 998 MB, Compressed Oops mode: Non-zero based: 0x00000000c1a00000
Narrow klass base: 0x0000000000000000, Narrow klass shift: 0

GC Heap History (0 events):
No events

Deoptimization events (0 events):
No events

Classes redefined (0 events):
No events

Internal exceptions (0 events):
No events

Events (0 events):
No events


Dynamic libraries:
0x00007ff7c1f20000 - 0x00007ff7c1f2d000 	C:\Program Files\Zulu\zulu-12\bin\java.exe
0x00007ffbf1ae0000 - 0x00007ffbf1cd0000 	C:\WINDOWS\SYSTEM32\ntdll.dll
0x00007ffbf03c0000 - 0x00007ffbf0472000 	C:\WINDOWS\System32\KERNEL32.DLL
0x00007ffbeedb0000 - 0x00007ffbef053000 	C:\WINDOWS\System32\KERNELBASE.dll
0x00007ffbeea70000 - 0x00007ffbeeb6a000 	C:\WINDOWS\System32\ucrtbase.dll
0x00007ffbeb2d0000 - 0x00007ffbeb2e5000 	C:\Program Files\Zulu\zulu-12\bin\VCRUNTIME140.dll
0x00007ffbd1500000 - 0x00007ffbd1517000 	C:\Program Files\Zulu\zulu-12\bin\jli.dll
0x00007ffbf1500000 - 0x00007ffbf1693000 	C:\WINDOWS\System32\USER32.dll
0x00007ffbdf940000 - 0x00007ffbdfbc5000 	C:\WINDOWS\WinSxS\amd64_microsoft.windows.common-controls_6595b64144ccf1df_6.0.18362.356_none_e6c4af7d130f27cc\COMCTL32.dll
0x00007ffbef8f0000 - 0x00007ffbef911000 	C:\WINDOWS\System32\win32u.dll
0x00007ffbf1a70000 - 0x00007ffbf1a96000 	C:\WINDOWS\System32\GDI32.dll
0x00007ffbf01e0000 - 0x00007ffbf027e000 	C:\WINDOWS\System32\msvcrt.dll
0x00007ffbeeb70000 - 0x00007ffbeed04000 	C:\WINDOWS\System32\gdi32full.dll
0x00007ffbefde0000 - 0x00007ffbf0116000 	C:\WINDOWS\System32\combase.dll
0x00007ffbefaa0000 - 0x00007ffbefb3e000 	C:\WINDOWS\System32\msvcp_win.dll
0x00007ffbf16a0000 - 0x00007ffbf17c0000 	C:\WINDOWS\System32\RPCRT4.dll
0x00007ffbeed30000 - 0x00007ffbeedb0000 	C:\WINDOWS\System32\bcryptPrimitives.dll
0x00007ffbf07c0000 - 0x00007ffbf07ee000 	C:\WINDOWS\System32\IMM32.DLL
0x00007ffbb98f0000 - 0x00007ffbb998b000 	C:\Program Files\Zulu\zulu-12\bin\msvcp140.dll
0x00007ffb8df30000 - 0x00007ffb8eada000 	C:\Program Files\Zulu\zulu-12\bin\server\jvm.dll
0x00007ffbf0120000 - 0x00007ffbf01c3000 	C:\WINDOWS\System32\ADVAPI32.dll
0x00007ffbf17c0000 - 0x00007ffbf1857000 	C:\WINDOWS\System32\sechost.dll
0x00007ffbf01d0000 - 0x00007ffbf01d8000 	C:\WINDOWS\System32\PSAPI.DLL
0x00007ffbde520000 - 0x00007ffbde529000 	C:\WINDOWS\SYSTEM32\WSOCK32.dll
0x00007ffbeaee0000 - 0x00007ffbeaf04000 	C:\WINDOWS\SYSTEM32\WINMM.dll
0x00007ffbe9420000 - 0x00007ffbe942a000 	C:\WINDOWS\SYSTEM32\VERSION.dll
0x00007ffbf0350000 - 0x00007ffbf03bf000 	C:\WINDOWS\System32\WS2_32.dll
0x00007ffbeaeb0000 - 0x00007ffbeaedd000 	C:\WINDOWS\SYSTEM32\WINMMBASE.dll
0x00007ffbefb40000 - 0x00007ffbefb8a000 	C:\WINDOWS\System32\cfgmgr32.dll
0x00007ffbee9c0000 - 0x00007ffbee9d1000 	C:\WINDOWS\System32\kernel.appcore.dll
0x00007ffbeb2c0000 - 0x00007ffbeb2d0000 	C:\Program Files\Zulu\zulu-12\bin\verify.dll
0x00007ffbde8a0000 - 0x00007ffbdea94000 	C:\WINDOWS\SYSTEM32\DBGHELP.DLL
0x00007ffbde870000 - 0x00007ffbde89a000 	C:\WINDOWS\SYSTEM32\dbgcore.DLL
0x00007ffbe97e0000 - 0x00007ffbe9806000 	C:\Program Files\Zulu\zulu-12\bin\java.dll
0x00007ffbd3e70000 - 0x00007ffbd3e87000 	C:\Program Files\Zulu\zulu-12\bin\zip.dll
0x00007ffbea7d0000 - 0x00007ffbea7da000 	C:\Program Files\Zulu\zulu-12\bin\jimage.dll

dbghelp: loaded successfully - version: 4.0.5 - missing functions: none
symbol engine: initialized successfully - sym options: 0x614 - pdb path: .;C:\Program Files\Zulu\zulu-12\bin;C:\WINDOWS\SYSTEM32;C:\WINDOWS\WinSxS\amd64_microsoft.windows.common-controls_6595b64144ccf1df_6.0.18362.356_none_e6c4af7d130f27cc;C:\Program Files\Zulu\zulu-12\bin\server

VM Arguments:
jvm_args: -Dclassworlds.conf=C:\Program Files\NetBeans-11.1\netbeans\java\maven\bin\m2.conf -Dmaven.home=C:\Program Files\NetBeans-11.1\netbeans\java\maven -Dmaven.multiModuleProjectDirectory=C:\Users\master05\Documents\finalProjects\candidMaster 
java_command: org.codehaus.plexus.classworlds.launcher.Launcher -Dnetbeans.deploy=true -Dmaven.ext.class.path=C:\Program Files\NetBeans-11.1\netbeans\java\maven-nblib\netbeans-eventspy.jar -Dfile.encoding=UTF-8 package
java_class_path (initial): C:\Program Files\NetBeans-11.1\netbeans\java\maven\boot\plexus-classworlds-2.5.2.jar
Launcher Type: SUN_STANDARD

[Global flags]
     intx CICompilerCount                          = 4                                         {product} {ergonomic}
     uint ConcGCThreads                            = 2                                         {product} {ergonomic}
     uint G1ConcRefinementThreads                  = 8                                         {product} {ergonomic}
   size_t G1HeapRegionSize                         = 1048576                                   {product} {ergonomic}
    uintx GCDrainStackTargetSize                   = 64                                        {product} {ergonomic}
   size_t InitialHeapSize                          = 67108864                                  {product} {ergonomic}
   size_t MarkStackSize                            = 4194304                                   {product} {ergonomic}
   size_t MaxHeapSize                              = 1046478848                                {product} {ergonomic}
   size_t MinHeapDeltaBytes                        = 1048576                                   {product} {ergonomic}
    uintx NonNMethodCodeHeapSize                   = 5836300                                {pd product} {ergonomic}
    uintx NonProfiledCodeHeapSize                  = 122910970                              {pd product} {ergonomic}
    uintx ProfiledCodeHeapSize                     = 122910970                              {pd product} {ergonomic}
    uintx ReservedCodeCacheSize                    = 251658240                              {pd product} {ergonomic}
     bool SegmentedCodeCache                       = true                                      {product} {ergonomic}
     bool UseCompressedClassPointers               = true                                 {lp64_product} {ergonomic}
     bool UseCompressedOops                        = true                                 {lp64_product} {ergonomic}
     bool UseG1GC                                  = true                                      {product} {ergonomic}
     bool UseLargePagesIndividualAllocation        = false                                  {pd product} {ergonomic}

Logging:
Log output configuration:
 #0: stdout all=warning uptime,level,tags
 #1: stderr all=off uptime,level,tags

Environment Variables:
JAVA_HOME=C:\Program Files\Zulu\zulu-12
PATH=C:\Program Files (x86)\Common Files\Oracle\Java\javapath;C:\orant\bin;C:\WINDOWS\system32;C:\WINDOWS;C:\WINDOWS\System32\Wbem;C:\WINDOWS\System32\WindowsPowerShell\v1.0\;C:\orant\jdk\bin;C:\WINDOWS\System32\OpenSSH\;C:\Program Files\PuTTY\;C:\Program Files (x86)\IBM\SPSS\Statistics\24\JRE\bin;C:\oracle_odbc;C:\Program Files\Git\cmd;C:\Program Files\Zulu\zulu-12\bin\;C:\Program Files\Zulu\zulu-11\bin\;C:\Users\master05\AppData\Local\Microsoft\WindowsApps;;C:\Users\master05\AppData\Local\Programs\Microsoft VS Code\bin
USERNAME=master05
OS=Windows_NT
PROCESSOR_IDENTIFIER=Intel64 Family 6 Model 60 Stepping 3, GenuineIntel



---------------  S Y S T E M  ---------------

OS: Windows 10 , 64 bit Build 18362 (10.0.18362.329)

CPU:total 8 (initial active 8) (4 cores per cpu, 2 threads per core) family 6 model 60 stepping 3, cmov, cx8, fxsr, mmx, sse, sse2, sse3, ssse3, sse4.1, sse4.2, popcnt, avx, avx2, aes, clmul, erms, lzcnt, ht, tsc, tscinvbit, bmi1, bmi2, fma

Memory: 4k page, system-wide physical 3986M (136M free)
TotalPageFile size 15787M (AvailPageFile size 58M)
current process WorkingSet (physical memory assigned to process): 9M, peak: 9M
current process commit charge ("private bytes"): 60M, peak: 124M

vm_info: OpenJDK 64-Bit Server VM (12.0.2+3) for windows-amd64 JRE (Zulu12.3+11-CA) (12.0.2+3), built on Jul 11 2019 08:39:41 by "zulu_re" with MS VC++ 15.9 (VS2017)

END.
